Loading in packages
Warning messages:
1: package ‘ggplot2’ was built under R version 4.1.3 
2: package ‘tibble’ was built under R version 4.1.3 
3: package ‘tidyr’ was built under R version 4.1.3 
4: package ‘readr’ was built under R version 4.1.3 
5: package ‘purrr’ was built under R version 4.1.3 
6: package ‘dplyr’ was built under R version 4.1.3 
7: package ‘stringr’ was built under R version 4.1.3 
8: package ‘forcats’ was built under R version 4.1.3 
Loading input files
Rows: 14049 Columns: 76
── Column specification ────────────────────────────────────────────────────────
Delimiter: "\t"
chr (25): intended_target_name_hg38, targeting_chr_hg38, intended_target_nam...
dbl (42): targeting_start_hg38, targeting_end_hg38, targeting_start_hg19, ta...
lgl  (9): significant, DistalElement_Gene, DistalPromoter_Gene, selfPromoter...

ℹ Use `spec()` to retrieve the full column specification for this data.
ℹ Specify the column types or set `show_col_types = FALSE` to quiet this message.
Saving output files
Closing log file
