Loading in packages
There were 13 warnings (use warnings() to see them)
Loading input files
Rows: 131351 Columns: 34
── Column specification ────────────────────────────────────────────────────────
Delimiter: "\t"
chr (14): chrom, name, hg19_target_coords, chrTSS, measuredGeneSymbol, Valid...
dbl (14): chromStart, chromEnd, EffectSize, startTSS, endTSS, pValueAdjusted...
lgl  (6): Significant, Regulated, abc_tss_overlap, measuredGene_in_abc_tss, ...

ℹ Use `spec()` to retrieve the full column specification for this data.
ℹ Specify the column types or set `show_col_types = FALSE` to quiet this message.
Warning message:
One or more parsing issues, call `problems()` on your data frame for details,
e.g.:
  dat <- vroom(...)
  problems(dat) 
Rows: 131421 Columns: 31
── Column specification ────────────────────────────────────────────────────────
Delimiter: "\t"
chr (11): chrom, name, strandPerturbationTarget, PerturbationTargetID, chrTS...
dbl (16): chromStart, chromEnd, EffectSize, startTSS, endTSS, EffectSize95Co...
lgl  (4): guideSpacerSeq, Significant, Notes, avgGeneExpr

ℹ Use `spec()` to retrieve the full column specification for this data.
ℹ Specify the column types or set `show_col_types = FALSE` to quiet this message.
Rows: 11213 Columns: 12
── Column specification ────────────────────────────────────────────────────────
Delimiter: "\t"
chr (8): chr, name, strand, spacer, target_chr, target_name, target_strand, ...
dbl (4): start, end, target_start, target_end

ℹ Use `spec()` to retrieve the full column specification for this data.
ℹ Specify the column types or set `show_col_types = FALSE` to quiet this message.
Preparing base data
Adding element-gene pair categories
Preparing guide information
Error in eval(quote(list(...)), env) : 
  argument is missing, with no default
Calls: rbind -> standardGeneric -> eval -> eval -> eval
Execution halted
