Loading in packages
Warning message:
package ‘SeuratObject’ was built under R version 4.4.3 
Loading input files
10X data contains more than one type and is being returned as a list containing matrices of each type.
Rows: 4 Columns: 4
── Column specification ────────────────────────────────────────────────────────
Delimiter: "\t"
chr (2): gene, guide
dbl (2): expr_remaining, sem

ℹ Use `spec()` to retrieve the full column specification for this data.
ℹ Specify the column types or set `show_col_types = FALSE` to quiet this message.
Rows: 8 Columns: 5
── Column specification ────────────────────────────────────────────────────────
Delimiter: "\t"
chr (2): Gene-Target, Name
dbl (3): qPCR, Stdev qPCR, SE_qPCR

ℹ Use `spec()` to retrieve the full column specification for this data.
ℹ Specify the column types or set `show_col_types = FALSE` to quiet this message.
Warning messages:
1: In obtain_pointer_vector(i = dt$i, dim = n_responses) :
  subscript out of bounds (index 643491 >= vector size 643491)
2: In obtain_pointer_vector(i = dt$i, dim = n_responses) :
  subscript out of bounds (index 50335 >= vector size 50335)
An object of class sceptre_object.

Attributes of the data:
	• 17322 cells
	• 93 responses
	• Low multiplicity-of-infection 
	• 12 targeting gRNAs (distributed across 12 targets) 
	• 85 non-targeting gRNAs 
	• 4 covariates (grna_n_nonzero, grna_n_umis, response_n_nonzero, response_n_umis)

Analysis status:
	✓ import_data()
	✓ set_analysis_parameters()
	✗ assign_grnas()
	✗ run_qc()
	✗ run_calibration_check()
	✗ run_power_check()
	✗ run_discovery_analysis()

Analysis parameters: 
	• Discovery pairs: data frame with 1116 pairs
	• Positive control pairs: data frame with 0 pairs
	• Sidedness of test: both
	• Control group: non-targeting cells
	• Resampling mechanism: permutations
	• gRNA integration strategy: union
	• Resampling approximation: skew normal
	• Multiple testing adjustment: BH at level 0.1
	• N nonzero treatment cells threshold: not specified
	• N nonzero control cells threshold: not specified
	• Formula object: log(response_n_nonzero) + log(response_n_umis)Note: If you are on a Mac laptop or desktop, consider setting `parallel = TRUE` to improve speed. Otherwise, keep `parallel = FALSE`.

Performing gRNA-to-cell assignments for gRNA safe_3 (1 of 97)
Performing gRNA-to-cell assignments for gRNA safe_8 (5 of 97)
Performing gRNA-to-cell assignments for gRNA safe_13 (10 of 97)
Performing gRNA-to-cell assignments for gRNA safe_20 (15 of 97)
Performing gRNA-to-cell assignments for gRNA safe_27 (20 of 97)
Performing gRNA-to-cell assignments for gRNA safe_32 (25 of 97)
Performing gRNA-to-cell assignments for gRNA safe_37 (30 of 97)
Performing gRNA-to-cell assignments for gRNA safe_43 (35 of 97)
Performing gRNA-to-cell assignments for gRNA nontarget_1 (40 of 97)
Performing gRNA-to-cell assignments for gRNA nontarget_7 (45 of 97)
Performing gRNA-to-cell assignments for gRNA nontarget_12 (50 of 97)
Performing gRNA-to-cell assignments for gRNA nontarget_17 (55 of 97)
Performing gRNA-to-cell assignments for gRNA nontarget_22 (60 of 97)
Performing gRNA-to-cell assignments for gRNA nontarget_27 (65 of 97)
Performing gRNA-to-cell assignments for gRNA nontarget_36 (70 of 97)
Performing gRNA-to-cell assignments for gRNA nontarget_42 (75 of 97)
Performing gRNA-to-cell assignments for gRNA nontarget_47 (80 of 97)
Performing gRNA-to-cell assignments for gRNA NC-4 (85 of 97)
Performing gRNA-to-cell assignments for gRNA GATA1-TSS-1 (90 of 97)
Performing gRNA-to-cell assignments for gRNA MYC-e2-2 (95 of 97)
Note: If you are on a Mac laptop or desktop, consider setting `parallel = TRUE` to improve speed. Otherwise, keep `parallel = FALSE`.

Constructing negative control pairs. ✓
Generating permutation resamples. ✓
Analyzing pairs containing response RBM3 (1 of 80)
Analyzing pairs containing response CCNB1 (5 of 80)
Analyzing pairs containing response WDR13 (10 of 80)
Analyzing pairs containing response SLC38A5 (15 of 80)
Analyzing pairs containing response PLP2 (20 of 80)
Analyzing pairs containing response WDR77 (25 of 80)
Analyzing pairs containing response GATA1 (30 of 80)
Analyzing pairs containing response CD320 (35 of 80)
Analyzing pairs containing response ZNF317 (40 of 80)
Analyzing pairs containing response CCNE2 (45 of 80)
Analyzing pairs containing response HSPA5 (50 of 80)
Analyzing pairs containing response SLC35A2 (55 of 80)
Analyzing pairs containing response MRPS25 (60 of 80)
Analyzing pairs containing response COPB1 (65 of 80)
Analyzing pairs containing response ATP6V1C1 (70 of 80)
Analyzing pairs containing response ZNF182 (75 of 80)
Analyzing pairs containing response KCND1 (80 of 80)
Note: If you are on a Mac laptop or desktop, consider setting `parallel = TRUE` to improve speed. Otherwise, keep `parallel = FALSE`.

Generating permutation resamples. ✓
Analyzing pairs containing response EYA3 (1 of 81)
Analyzing pairs containing response MRPS25 (5 of 81)
Analyzing pairs containing response NUP43 (10 of 81)
Analyzing pairs containing response MTDH (15 of 81)
Analyzing pairs containing response EBAG9 (20 of 81)
Analyzing pairs containing response NAP1L4 (25 of 81)
Analyzing pairs containing response CTR9 (30 of 81)
Analyzing pairs containing response CFL1 (35 of 81)
Analyzing pairs containing response KNOP1 (40 of 81)
Analyzing pairs containing response PPP1R15A (45 of 81)
Analyzing pairs containing response SSX1 (50 of 81)
Analyzing pairs containing response EBP (55 of 81)
Analyzing pairs containing response SUV39H1 (60 of 81)
Analyzing pairs containing response TIMM17B (65 of 81)
Analyzing pairs containing response GRIPAP1 (70 of 81)
Analyzing pairs containing response GPKOW (75 of 81)
Analyzing pairs containing response PAGE1 (80 of 81)
Warning message:
In compute_nt_nonzero_matrix_and_n_ok_pairs_v3(j = response_matrix@j,  :
  subscript out of bounds (index 1116 >= vector size 1116)
Saving output files
NULL
Closing log file
