Warning messages:
1: package ‘tidyverse’ was built under R version 4.1.3 
2: package ‘ggplot2’ was built under R version 4.1.3 
3: package ‘tibble’ was built under R version 4.1.3 
4: package ‘tidyr’ was built under R version 4.1.3 
5: package ‘readr’ was built under R version 4.1.3 
6: package ‘purrr’ was built under R version 4.1.3 
7: package ‘dplyr’ was built under R version 4.1.3 
8: package ‘stringr’ was built under R version 4.1.3 
9: package ‘forcats’ was built under R version 4.1.3 
Rows: 13139200 Columns: 11
── Column specification ────────────────────────────────────────────────────────
Delimiter: "\t"
chr (2): response_id, grna_target
dbl (7): n_nonzero_trt, n_nonzero_cntrl, p_value, log_2_fold_change, num_per...
lgl (2): pass_qc, significant

ℹ Use `spec()` to retrieve the full column specification for this data.
ℹ Specify the column types or set `show_col_types = FALSE` to quiet this message.
Saving output files
Closing log file
