Loading in packages
Loading input files
[1] "Batch Group 1:"
[1] "15" "16" "3"  "14" "10" "2"  "6"  "5" 
[1] "Batch Group 2:"
[1] "1"  "4"  "7"  "8"  "9"  "11" "12" "13"
Warning messages:
1: In obtain_pointer_vector(i = dt$i, dim = n_responses) :
  subscript out of bounds (index 12120015 >= vector size 12120015)
2: In obtain_pointer_vector(i = dt$i, dim = n_responses) :
  subscript out of bounds (index 2751621 >= vector size 2751621)
Warning messages:
1: In obtain_pointer_vector(i = dt$i, dim = n_responses) :
  subscript out of bounds (index 11598099 >= vector size 11598099)
2: In obtain_pointer_vector(i = dt$i, dim = n_responses) :
  subscript out of bounds (index 2768255 >= vector size 2768255)
Note: If you are on a Mac laptop or desktop, consider setting `parallel = TRUE` to improve speed. Otherwise, keep `parallel = FALSE`.

Constructing negative control pairs. ✓
Running precomputation on response ENSG00000134758 (1 of 190)
Running precomputation on response ENSG00000198169 (5 of 190)
Running precomputation on response ENSG00000124222 (10 of 190)
Running precomputation on response ENSG00000105011 (15 of 190)
Running precomputation on response ENSG00000156017 (20 of 190)
Running precomputation on response ENSG00000141646 (25 of 190)
Running precomputation on response ENSG00000175602 (30 of 190)
Running precomputation on response ENSG00000135597 (35 of 190)
Running precomputation on response ENSG00000101115 (40 of 190)
Running precomputation on response ENSG00000165905 (45 of 190)
Running precomputation on response ENSG00000173933 (50 of 190)
Running precomputation on response ENSG00000181885 (55 of 190)
Running precomputation on response ENSG00000087338 (60 of 190)
Running precomputation on response ENSG00000148634 (65 of 190)
Running precomputation on response ENSG00000111364 (70 of 190)
Running precomputation on response ENSG00000175550 (75 of 190)
Running precomputation on response ENSG00000187838 (80 of 190)
Running precomputation on response ENSG00000079246 (85 of 190)
Running precomputation on response ENSG00000204713 (90 of 190)
Running precomputation on response ENSG00000005448 (95 of 190)
Running precomputation on response ENSG00000000419 (100 of 190)
Running precomputation on response ENSG00000169992 (105 of 190)
Running precomputation on response ENSG00000179431 (110 of 190)
Running precomputation on response ENSG00000136758 (115 of 190)
Running precomputation on response ENSG00000172803 (120 of 190)
Running precomputation on response ENSG00000149823 (125 of 190)
Running precomputation on response ENSG00000162664 (130 of 190)
Running precomputation on response ENSG00000161016 (135 of 190)
Running precomputation on response ENSG00000130768 (140 of 190)
Running precomputation on response ENSG00000197147 (145 of 190)
Running precomputation on response ENSG00000111678 (150 of 190)
Running precomputation on response ENSG00000065978 (155 of 190)
Running precomputation on response ENSG00000115457 (160 of 190)
Running precomputation on response ENSG00000170291 (165 of 190)
Running precomputation on response ENSG00000170043 (170 of 190)
Running precomputation on response ENSG00000099795 (175 of 190)
Running precomputation on response ENSG00000179029 (180 of 190)
Running precomputation on response ENSG00000172757 (185 of 190)
Running precomputation on response ENSG00000187866 (190 of 190)
Analyzing pairs containing gRNA group WTC11_Random_Screen_Crop_15424&WTC11_Random_Screen_Crop_15458&WTC11_Random_Screen_Crop_15470&WTC11_Random_Screen_Crop_15587&WTC11_Random_Screen_Crop_15626&WTC11_Random_Screen_Crop_15640&WTC11_Random_Screen_Crop_15802&WTC11_Random_Screen_Crop_15880&WTC11_Random_Screen_Crop_15908&WTC11_Random_Screen_Crop_15949&WTC11_Random_Screen_Crop_15994&WTC11_Random_Screen_Crop_16011&WTC11_Random_Screen_Crop_16044&WTC11_Random_Screen_Crop_16081&WTC11_Random_Screen_Crop_16089 (1 of 173)
Analyzing pairs containing gRNA group WTC11_Random_Screen_Crop_15445&WTC11_Random_Screen_Crop_15566&WTC11_Random_Screen_Crop_15580&WTC11_Random_Screen_Crop_15764&WTC11_Random_Screen_Crop_15769&WTC11_Random_Screen_Crop_15817&WTC11_Random_Screen_Crop_15866&WTC11_Random_Screen_Crop_15896&WTC11_Random_Screen_Crop_15927&WTC11_Random_Screen_Crop_15956&WTC11_Random_Screen_Crop_15961&WTC11_Random_Screen_Crop_15988&WTC11_Random_Screen_Crop_15998&WTC11_Random_Screen_Crop_16079&WTC11_Random_Screen_Crop_16132 (5 of 173)
Analyzing pairs containing gRNA group WTC11_Random_Screen_Crop_15465&WTC11_Random_Screen_Crop_15480&WTC11_Random_Screen_Crop_15570&WTC11_Random_Screen_Crop_15645&WTC11_Random_Screen_Crop_15648&WTC11_Random_Screen_Crop_15757&WTC11_Random_Screen_Crop_15777&WTC11_Random_Screen_Crop_15807&WTC11_Random_Screen_Crop_15943&WTC11_Random_Screen_Crop_15969&WTC11_Random_Screen_Crop_16120&WTC11_Random_Screen_Crop_16132&WTC11_Random_Screen_Crop_16148&WTC11_Random_Screen_Crop_16160&WTC11_Random_Screen_Crop_16169 (10 of 173)
Analyzing pairs containing gRNA group WTC11_Random_Screen_Crop_15426&WTC11_Random_Screen_Crop_15507&WTC11_Random_Screen_Crop_15541&WTC11_Random_Screen_Crop_15565&WTC11_Random_Screen_Crop_15573&WTC11_Random_Screen_Crop_15580&WTC11_Random_Screen_Crop_15588&WTC11_Random_Screen_Crop_15606&WTC11_Random_Screen_Crop_15648&WTC11_Random_Screen_Crop_15674&WTC11_Random_Screen_Crop_15694&WTC11_Random_Screen_Crop_15852&WTC11_Random_Screen_Crop_15897&WTC11_Random_Screen_Crop_16065&WTC11_Random_Screen_Crop_16094 (15 of 173)
Analyzing pairs containing gRNA group WTC11_Random_Screen_Crop_15406&WTC11_Random_Screen_Crop_15442&WTC11_Random_Screen_Crop_15508&WTC11_Random_Screen_Crop_15596&WTC11_Random_Screen_Crop_15614&WTC11_Random_Screen_Crop_15629&WTC11_Random_Screen_Crop_15666&WTC11_Random_Screen_Crop_15697&WTC11_Random_Screen_Crop_15814&WTC11_Random_Screen_Crop_15886&WTC11_Random_Screen_Crop_15907&WTC11_Random_Screen_Crop_16026&WTC11_Random_Screen_Crop_16081&WTC11_Random_Screen_Crop_16137&WTC11_Random_Screen_Crop_16141 (20 of 173)
Analyzing pairs containing gRNA group WTC11_Random_Screen_Crop_15601&WTC11_Random_Screen_Crop_15623&WTC11_Random_Screen_Crop_15697&WTC11_Random_Screen_Crop_15729&WTC11_Random_Screen_Crop_15730&WTC11_Random_Screen_Crop_15780&WTC11_Random_Screen_Crop_15786&WTC11_Random_Screen_Crop_15811&WTC11_Random_Screen_Crop_15900&WTC11_Random_Screen_Crop_15920&WTC11_Random_Screen_Crop_15939&WTC11_Random_Screen_Crop_15955&WTC11_Random_Screen_Crop_15986&WTC11_Random_Screen_Crop_16005&WTC11_Random_Screen_Crop_16193 (25 of 173)
Analyzing pairs containing gRNA group WTC11_Random_Screen_Crop_15414&WTC11_Random_Screen_Crop_15447&WTC11_Random_Screen_Crop_15690&WTC11_Random_Screen_Crop_15738&WTC11_Random_Screen_Crop_15849&WTC11_Random_Screen_Crop_15865&WTC11_Random_Screen_Crop_15878&WTC11_Random_Screen_Crop_15934&WTC11_Random_Screen_Crop_15955&WTC11_Random_Screen_Crop_15962&WTC11_Random_Screen_Crop_16016&WTC11_Random_Screen_Crop_16035&WTC11_Random_Screen_Crop_16048&WTC11_Random_Screen_Crop_16085&WTC11_Random_Screen_Crop_16106 (30 of 173)
Analyzing pairs containing gRNA group WTC11_Random_Screen_Crop_15433&WTC11_Random_Screen_Crop_15448&WTC11_Random_Screen_Crop_15461&WTC11_Random_Screen_Crop_15473&WTC11_Random_Screen_Crop_15477&WTC11_Random_Screen_Crop_15569&WTC11_Random_Screen_Crop_15683&WTC11_Random_Screen_Crop_15698&WTC11_Random_Screen_Crop_15929&WTC11_Random_Screen_Crop_15953&WTC11_Random_Screen_Crop_15981&WTC11_Random_Screen_Crop_16034&WTC11_Random_Screen_Crop_16072&WTC11_Random_Screen_Crop_16120&WTC11_Random_Screen_Crop_16139 (35 of 173)
Analyzing pairs containing gRNA group WTC11_Random_Screen_Crop_15433&WTC11_Random_Screen_Crop_15485&WTC11_Random_Screen_Crop_15650&WTC11_Random_Screen_Crop_15714&WTC11_Random_Screen_Crop_15726&WTC11_Random_Screen_Crop_15783&WTC11_Random_Screen_Crop_15880&WTC11_Random_Screen_Crop_15899&WTC11_Random_Screen_Crop_15901&WTC11_Random_Screen_Crop_15958&WTC11_Random_Screen_Crop_15967&WTC11_Random_Screen_Crop_16018&WTC11_Random_Screen_Crop_16041&WTC11_Random_Screen_Crop_16053&WTC11_Random_Screen_Crop_16119 (40 of 173)
Analyzing pairs containing gRNA group WTC11_Random_Screen_Crop_15576&WTC11_Random_Screen_Crop_15647&WTC11_Random_Screen_Crop_15667&WTC11_Random_Screen_Crop_15685&WTC11_Random_Screen_Crop_15754&WTC11_Random_Screen_Crop_15856&WTC11_Random_Screen_Crop_15862&WTC11_Random_Screen_Crop_15873&WTC11_Random_Screen_Crop_16005&WTC11_Random_Screen_Crop_16007&WTC11_Random_Screen_Crop_16017&WTC11_Random_Screen_Crop_16095&WTC11_Random_Screen_Crop_16143&WTC11_Random_Screen_Crop_16162&WTC11_Random_Screen_Crop_16195 (45 of 173)
Analyzing pairs containing gRNA group WTC11_Random_Screen_Crop_15441&WTC11_Random_Screen_Crop_15458&WTC11_Random_Screen_Crop_15459&WTC11_Random_Screen_Crop_15636&WTC11_Random_Screen_Crop_15643&WTC11_Random_Screen_Crop_15667&WTC11_Random_Screen_Crop_15668&WTC11_Random_Screen_Crop_15707&WTC11_Random_Screen_Crop_15748&WTC11_Random_Screen_Crop_15791&WTC11_Random_Screen_Crop_15860&WTC11_Random_Screen_Crop_15901&WTC11_Random_Screen_Crop_15937&WTC11_Random_Screen_Crop_16084&WTC11_Random_Screen_Crop_16175 (50 of 173)
Analyzing pairs containing gRNA group WTC11_Random_Screen_Crop_15472&WTC11_Random_Screen_Crop_15486&WTC11_Random_Screen_Crop_15523&WTC11_Random_Screen_Crop_15551&WTC11_Random_Screen_Crop_15574&WTC11_Random_Screen_Crop_15592&WTC11_Random_Screen_Crop_15603&WTC11_Random_Screen_Crop_15665&WTC11_Random_Screen_Crop_15815&WTC11_Random_Screen_Crop_15837&WTC11_Random_Screen_Crop_15953&WTC11_Random_Screen_Crop_16022&WTC11_Random_Screen_Crop_16041&WTC11_Random_Screen_Crop_16062&WTC11_Random_Screen_Crop_16104 (55 of 173)
Analyzing pairs containing gRNA group WTC11_Random_Screen_Crop_15427&WTC11_Random_Screen_Crop_15441&WTC11_Random_Screen_Crop_15452&WTC11_Random_Screen_Crop_15499&WTC11_Random_Screen_Crop_15502&WTC11_Random_Screen_Crop_15537&WTC11_Random_Screen_Crop_15546&WTC11_Random_Screen_Crop_15557&WTC11_Random_Screen_Crop_15807&WTC11_Random_Screen_Crop_16061&WTC11_Random_Screen_Crop_16071&WTC11_Random_Screen_Crop_16087&WTC11_Random_Screen_Crop_16161&WTC11_Random_Screen_Crop_16182&WTC11_Random_Screen_Crop_16191 (60 of 173)
Analyzing pairs containing gRNA group WTC11_Random_Screen_Crop_15437&WTC11_Random_Screen_Crop_15476&WTC11_Random_Screen_Crop_15487&WTC11_Random_Screen_Crop_15552&WTC11_Random_Screen_Crop_15572&WTC11_Random_Screen_Crop_15698&WTC11_Random_Screen_Crop_15785&WTC11_Random_Screen_Crop_15849&WTC11_Random_Screen_Crop_15916&WTC11_Random_Screen_Crop_16068&WTC11_Random_Screen_Crop_16146&WTC11_Random_Screen_Crop_16161&WTC11_Random_Screen_Crop_16168&WTC11_Random_Screen_Crop_16169&WTC11_Random_Screen_Crop_16177 (65 of 173)
Analyzing pairs containing gRNA group WTC11_Random_Screen_Crop_15410&WTC11_Random_Screen_Crop_15425&WTC11_Random_Screen_Crop_15476&WTC11_Random_Screen_Crop_15693&WTC11_Random_Screen_Crop_15710&WTC11_Random_Screen_Crop_15717&WTC11_Random_Screen_Crop_15727&WTC11_Random_Screen_Crop_15742&WTC11_Random_Screen_Crop_15745&WTC11_Random_Screen_Crop_15780&WTC11_Random_Screen_Crop_15939&WTC11_Random_Screen_Crop_15974&WTC11_Random_Screen_Crop_16003&WTC11_Random_Screen_Crop_16131&WTC11_Random_Screen_Crop_16169 (70 of 173)
Analyzing pairs containing gRNA group WTC11_Random_Screen_Crop_15398&WTC11_Random_Screen_Crop_15439&WTC11_Random_Screen_Crop_15468&WTC11_Random_Screen_Crop_15520&WTC11_Random_Screen_Crop_15539&WTC11_Random_Screen_Crop_15693&WTC11_Random_Screen_Crop_15704&WTC11_Random_Screen_Crop_15799&WTC11_Random_Screen_Crop_15815&WTC11_Random_Screen_Crop_15928&WTC11_Random_Screen_Crop_15947&WTC11_Random_Screen_Crop_16002&WTC11_Random_Screen_Crop_16077&WTC11_Random_Screen_Crop_16144&WTC11_Random_Screen_Crop_16186 (75 of 173)
Analyzing pairs containing gRNA group WTC11_Random_Screen_Crop_15464&WTC11_Random_Screen_Crop_15468&WTC11_Random_Screen_Crop_15473&WTC11_Random_Screen_Crop_15551&WTC11_Random_Screen_Crop_15553&WTC11_Random_Screen_Crop_15610&WTC11_Random_Screen_Crop_15637&WTC11_Random_Screen_Crop_15698&WTC11_Random_Screen_Crop_15708&WTC11_Random_Screen_Crop_15712&WTC11_Random_Screen_Crop_15767&WTC11_Random_Screen_Crop_15882&WTC11_Random_Screen_Crop_15987&WTC11_Random_Screen_Crop_16026&WTC11_Random_Screen_Crop_16180 (80 of 173)
Analyzing pairs containing gRNA group WTC11_Random_Screen_Crop_15449&WTC11_Random_Screen_Crop_15466&WTC11_Random_Screen_Crop_15615&WTC11_Random_Screen_Crop_15701&WTC11_Random_Screen_Crop_15721&WTC11_Random_Screen_Crop_15851&WTC11_Random_Screen_Crop_15948&WTC11_Random_Screen_Crop_15998&WTC11_Random_Screen_Crop_16010&WTC11_Random_Screen_Crop_16011&WTC11_Random_Screen_Crop_16021&WTC11_Random_Screen_Crop_16069&WTC11_Random_Screen_Crop_16120&WTC11_Random_Screen_Crop_16189&WTC11_Random_Screen_Crop_16196 (85 of 173)
Analyzing pairs containing gRNA group WTC11_Random_Screen_Crop_15428&WTC11_Random_Screen_Crop_15493&WTC11_Random_Screen_Crop_15613&WTC11_Random_Screen_Crop_15663&WTC11_Random_Screen_Crop_15682&WTC11_Random_Screen_Crop_15728&WTC11_Random_Screen_Crop_15745&WTC11_Random_Screen_Crop_16013&WTC11_Random_Screen_Crop_16027&WTC11_Random_Screen_Crop_16101&WTC11_Random_Screen_Crop_16119&WTC11_Random_Screen_Crop_16151&WTC11_Random_Screen_Crop_16154&WTC11_Random_Screen_Crop_16192&WTC11_Random_Screen_Crop_16197 (90 of 173)
Analyzing pairs containing gRNA group WTC11_Random_Screen_Crop_15416&WTC11_Random_Screen_Crop_15424&WTC11_Random_Screen_Crop_15496&WTC11_Random_Screen_Crop_15516&WTC11_Random_Screen_Crop_15625&WTC11_Random_Screen_Crop_15635&WTC11_Random_Screen_Crop_15665&WTC11_Random_Screen_Crop_15700&WTC11_Random_Screen_Crop_15722&WTC11_Random_Screen_Crop_15852&WTC11_Random_Screen_Crop_15885&WTC11_Random_Screen_Crop_15995&WTC11_Random_Screen_Crop_16094&WTC11_Random_Screen_Crop_16146&WTC11_Random_Screen_Crop_16150 (95 of 173)
Analyzing pairs containing gRNA group WTC11_Random_Screen_Crop_15429&WTC11_Random_Screen_Crop_15568&WTC11_Random_Screen_Crop_15615&WTC11_Random_Screen_Crop_15639&WTC11_Random_Screen_Crop_15647&WTC11_Random_Screen_Crop_15652&WTC11_Random_Screen_Crop_15727&WTC11_Random_Screen_Crop_15749&WTC11_Random_Screen_Crop_15771&WTC11_Random_Screen_Crop_15789&WTC11_Random_Screen_Crop_15926&WTC11_Random_Screen_Crop_16054&WTC11_Random_Screen_Crop_16071&WTC11_Random_Screen_Crop_16097&WTC11_Random_Screen_Crop_16174 (100 of 173)
Analyzing pairs containing gRNA group WTC11_Random_Screen_Crop_15406&WTC11_Random_Screen_Crop_15443&WTC11_Random_Screen_Crop_15494&WTC11_Random_Screen_Crop_15505&WTC11_Random_Screen_Crop_15509&WTC11_Random_Screen_Crop_15510&WTC11_Random_Screen_Crop_15513&WTC11_Random_Screen_Crop_15692&WTC11_Random_Screen_Crop_15705&WTC11_Random_Screen_Crop_15740&WTC11_Random_Screen_Crop_15848&WTC11_Random_Screen_Crop_15862&WTC11_Random_Screen_Crop_15947&WTC11_Random_Screen_Crop_16041&WTC11_Random_Screen_Crop_16076 (105 of 173)
Analyzing pairs containing gRNA group WTC11_Random_Screen_Crop_15443&WTC11_Random_Screen_Crop_15447&WTC11_Random_Screen_Crop_15449&WTC11_Random_Screen_Crop_15509&WTC11_Random_Screen_Crop_15582&WTC11_Random_Screen_Crop_15685&WTC11_Random_Screen_Crop_15834&WTC11_Random_Screen_Crop_15898&WTC11_Random_Screen_Crop_15905&WTC11_Random_Screen_Crop_15941&WTC11_Random_Screen_Crop_15960&WTC11_Random_Screen_Crop_15989&WTC11_Random_Screen_Crop_15995&WTC11_Random_Screen_Crop_16143&WTC11_Random_Screen_Crop_16173 (110 of 173)
Analyzing pairs containing gRNA group WTC11_Random_Screen_Crop_15410&WTC11_Random_Screen_Crop_15450&WTC11_Random_Screen_Crop_15451&WTC11_Random_Screen_Crop_15462&WTC11_Random_Screen_Crop_15523&WTC11_Random_Screen_Crop_15538&WTC11_Random_Screen_Crop_15539&WTC11_Random_Screen_Crop_15687&WTC11_Random_Screen_Crop_15842&WTC11_Random_Screen_Crop_15844&WTC11_Random_Screen_Crop_15963&WTC11_Random_Screen_Crop_16033&WTC11_Random_Screen_Crop_16094&WTC11_Random_Screen_Crop_16144&WTC11_Random_Screen_Crop_16166 (115 of 173)
Analyzing pairs containing gRNA group WTC11_Random_Screen_Crop_15407&WTC11_Random_Screen_Crop_15478&WTC11_Random_Screen_Crop_15504&WTC11_Random_Screen_Crop_15683&WTC11_Random_Screen_Crop_15706&WTC11_Random_Screen_Crop_15728&WTC11_Random_Screen_Crop_15747&WTC11_Random_Screen_Crop_15804&WTC11_Random_Screen_Crop_15814&WTC11_Random_Screen_Crop_15981&WTC11_Random_Screen_Crop_16045&WTC11_Random_Screen_Crop_16093&WTC11_Random_Screen_Crop_16142&WTC11_Random_Screen_Crop_16168&WTC11_Random_Screen_Crop_16195 (120 of 173)
Analyzing pairs containing gRNA group WTC11_Random_Screen_Crop_15427&WTC11_Random_Screen_Crop_15465&WTC11_Random_Screen_Crop_15478&WTC11_Random_Screen_Crop_15578&WTC11_Random_Screen_Crop_15686&WTC11_Random_Screen_Crop_15698&WTC11_Random_Screen_Crop_15718&WTC11_Random_Screen_Crop_15752&WTC11_Random_Screen_Crop_15762&WTC11_Random_Screen_Crop_15812&WTC11_Random_Screen_Crop_15870&WTC11_Random_Screen_Crop_15874&WTC11_Random_Screen_Crop_15883&WTC11_Random_Screen_Crop_15901&WTC11_Random_Screen_Crop_16159 (125 of 173)
Analyzing pairs containing gRNA group WTC11_Random_Screen_Crop_15528&WTC11_Random_Screen_Crop_15610&WTC11_Random_Screen_Crop_15622&WTC11_Random_Screen_Crop_15635&WTC11_Random_Screen_Crop_15649&WTC11_Random_Screen_Crop_15782&WTC11_Random_Screen_Crop_15833&WTC11_Random_Screen_Crop_15848&WTC11_Random_Screen_Crop_15860&WTC11_Random_Screen_Crop_16035&WTC11_Random_Screen_Crop_16047&WTC11_Random_Screen_Crop_16051&WTC11_Random_Screen_Crop_16064&WTC11_Random_Screen_Crop_16171&WTC11_Random_Screen_Crop_16187 (130 of 173)
Analyzing pairs containing gRNA group WTC11_Random_Screen_Crop_15405&WTC11_Random_Screen_Crop_15445&WTC11_Random_Screen_Crop_15475&WTC11_Random_Screen_Crop_15498&WTC11_Random_Screen_Crop_15616&WTC11_Random_Screen_Crop_15765&WTC11_Random_Screen_Crop_15783&WTC11_Random_Screen_Crop_15801&WTC11_Random_Screen_Crop_15893&WTC11_Random_Screen_Crop_15905&WTC11_Random_Screen_Crop_15908&WTC11_Random_Screen_Crop_15942&WTC11_Random_Screen_Crop_16118&WTC11_Random_Screen_Crop_16162&WTC11_Random_Screen_Crop_16170 (135 of 173)
Analyzing pairs containing gRNA group WTC11_Random_Screen_Crop_15412&WTC11_Random_Screen_Crop_15452&WTC11_Random_Screen_Crop_15636&WTC11_Random_Screen_Crop_15637&WTC11_Random_Screen_Crop_15831&WTC11_Random_Screen_Crop_15888&WTC11_Random_Screen_Crop_15900&WTC11_Random_Screen_Crop_15944&WTC11_Random_Screen_Crop_15988&WTC11_Random_Screen_Crop_15998&WTC11_Random_Screen_Crop_16007&WTC11_Random_Screen_Crop_16019&WTC11_Random_Screen_Crop_16090&WTC11_Random_Screen_Crop_16130&WTC11_Random_Screen_Crop_16135 (140 of 173)
Analyzing pairs containing gRNA group WTC11_Random_Screen_Crop_15411&WTC11_Random_Screen_Crop_15439&WTC11_Random_Screen_Crop_15475&WTC11_Random_Screen_Crop_15531&WTC11_Random_Screen_Crop_15553&WTC11_Random_Screen_Crop_15562&WTC11_Random_Screen_Crop_15700&WTC11_Random_Screen_Crop_15713&WTC11_Random_Screen_Crop_15735&WTC11_Random_Screen_Crop_15769&WTC11_Random_Screen_Crop_15864&WTC11_Random_Screen_Crop_15899&WTC11_Random_Screen_Crop_15911&WTC11_Random_Screen_Crop_16047&WTC11_Random_Screen_Crop_16124 (145 of 173)
Analyzing pairs containing gRNA group WTC11_Random_Screen_Crop_15411&WTC11_Random_Screen_Crop_15436&WTC11_Random_Screen_Crop_15486&WTC11_Random_Screen_Crop_15571&WTC11_Random_Screen_Crop_15575&WTC11_Random_Screen_Crop_15616&WTC11_Random_Screen_Crop_15628&WTC11_Random_Screen_Crop_15651&WTC11_Random_Screen_Crop_15784&WTC11_Random_Screen_Crop_15852&WTC11_Random_Screen_Crop_15874&WTC11_Random_Screen_Crop_16013&WTC11_Random_Screen_Crop_16030&WTC11_Random_Screen_Crop_16031&WTC11_Random_Screen_Crop_16122 (150 of 173)
Analyzing pairs containing gRNA group WTC11_Random_Screen_Crop_15435&WTC11_Random_Screen_Crop_15462&WTC11_Random_Screen_Crop_15559&WTC11_Random_Screen_Crop_15595&WTC11_Random_Screen_Crop_15602&WTC11_Random_Screen_Crop_15648&WTC11_Random_Screen_Crop_15659&WTC11_Random_Screen_Crop_15725&WTC11_Random_Screen_Crop_15833&WTC11_Random_Screen_Crop_15869&WTC11_Random_Screen_Crop_15930&WTC11_Random_Screen_Crop_15993&WTC11_Random_Screen_Crop_16004&WTC11_Random_Screen_Crop_16044&WTC11_Random_Screen_Crop_16130 (155 of 173)
Analyzing pairs containing gRNA group WTC11_Random_Screen_Crop_15408&WTC11_Random_Screen_Crop_15434&WTC11_Random_Screen_Crop_15442&WTC11_Random_Screen_Crop_15449&WTC11_Random_Screen_Crop_15486&WTC11_Random_Screen_Crop_15539&WTC11_Random_Screen_Crop_15679&WTC11_Random_Screen_Crop_15699&WTC11_Random_Screen_Crop_15762&WTC11_Random_Screen_Crop_15818&WTC11_Random_Screen_Crop_15859&WTC11_Random_Screen_Crop_15876&WTC11_Random_Screen_Crop_15952&WTC11_Random_Screen_Crop_16129&WTC11_Random_Screen_Crop_16165 (160 of 173)
Analyzing pairs containing gRNA group WTC11_Random_Screen_Crop_15423&WTC11_Random_Screen_Crop_15424&WTC11_Random_Screen_Crop_15515&WTC11_Random_Screen_Crop_15551&WTC11_Random_Screen_Crop_15586&WTC11_Random_Screen_Crop_15649&WTC11_Random_Screen_Crop_15663&WTC11_Random_Screen_Crop_15706&WTC11_Random_Screen_Crop_15781&WTC11_Random_Screen_Crop_15832&WTC11_Random_Screen_Crop_16032&WTC11_Random_Screen_Crop_16058&WTC11_Random_Screen_Crop_16097&WTC11_Random_Screen_Crop_16132&WTC11_Random_Screen_Crop_16170 (165 of 173)
Analyzing pairs containing gRNA group WTC11_Random_Screen_Crop_15430&WTC11_Random_Screen_Crop_15504&WTC11_Random_Screen_Crop_15639&WTC11_Random_Screen_Crop_15685&WTC11_Random_Screen_Crop_15712&WTC11_Random_Screen_Crop_15765&WTC11_Random_Screen_Crop_15790&WTC11_Random_Screen_Crop_15811&WTC11_Random_Screen_Crop_15899&WTC11_Random_Screen_Crop_15945&WTC11_Random_Screen_Crop_15946&WTC11_Random_Screen_Crop_15979&WTC11_Random_Screen_Crop_16078&WTC11_Random_Screen_Crop_16145&WTC11_Random_Screen_Crop_16189 (170 of 173)
Note: If you are on a Mac laptop or desktop, consider setting `parallel = TRUE` to improve speed. Otherwise, keep `parallel = FALSE`.

Running precomputation on response ENSG00000157916 (1 of 165)
Running precomputation on response ENSG00000142669 (5 of 165)
Running precomputation on response ENSG00000158246 (10 of 165)
Running precomputation on response ENSG00000213516 (15 of 165)
Running precomputation on response ENSG00000087338 (20 of 165)
Running precomputation on response ENSG00000035141 (25 of 165)
Running precomputation on response ENSG00000115307 (30 of 165)
Running precomputation on response ENSG00000197756 (35 of 165)
Running precomputation on response ENSG00000172062 (40 of 165)
Running precomputation on response ENSG00000111802 (45 of 165)
Running precomputation on response ENSG00000204531 (50 of 165)
Running precomputation on response ENSG00000064995 (55 of 165)
Running precomputation on response ENSG00000167700 (60 of 165)
Running precomputation on response ENSG00000136758 (65 of 165)
Running precomputation on response ENSG00000198561 (70 of 165)
Running precomputation on response ENSG00000149823 (75 of 165)
Running precomputation on response ENSG00000172757 (80 of 165)
Running precomputation on response ENSG00000175334 (85 of 165)
Running precomputation on response ENSG00000174547 (90 of 165)
Running precomputation on response ENSG00000111671 (95 of 165)
Running precomputation on response ENSG00000111684 (100 of 165)
Running precomputation on response ENSG00000185344 (105 of 165)
Running precomputation on response ENSG00000103510 (110 of 165)
Running precomputation on response ENSG00000129195 (115 of 165)
Running precomputation on response ENSG00000170291 (120 of 165)
Running precomputation on response ENSG00000205544 (125 of 165)
Running precomputation on response ENSG00000129255 (130 of 165)
Running precomputation on response ENSG00000220205 (135 of 165)
Running precomputation on response ENSG00000133250 (140 of 165)
Running precomputation on response ENSG00000244165 (145 of 165)
Running precomputation on response ENSG00000130733 (150 of 165)
Running precomputation on response ENSG00000105011 (155 of 165)
Running precomputation on response ENSG00000124226 (160 of 165)
Running precomputation on response ENSG00000101115 (165 of 165)
Analyzing pairs containing gRNA group chr1:2345197-2345498 (1 of 997)
Analyzing pairs containing gRNA group chr1:2518516-2518817 (5 of 997)
Analyzing pairs containing gRNA group chr1:2713455-2713756 (10 of 997)
Analyzing pairs containing gRNA group chr1:2986674-2986975 (15 of 997)
Analyzing pairs containing gRNA group chr1:3381784-3382085 (20 of 997)
Analyzing pairs containing gRNA group chr1:3527152-3527453 (25 of 997)
Analyzing pairs containing gRNA group chr1:3568018-3568319 (30 of 997)
Analyzing pairs containing gRNA group chr1:3591385-3591686 (35 of 997)
Analyzing pairs containing gRNA group PEX10_TSS (40 of 997)
Analyzing pairs containing gRNA group chr1:26712559-26712860 (45 of 997)
Analyzing pairs containing gRNA group chr1:27004055-27004356 (50 of 997)
Analyzing pairs containing gRNA group chr1:27331229-27331530 (55 of 997)
Analyzing pairs containing gRNA group chr1:27627312-27627613 (60 of 997)
Analyzing pairs containing gRNA group chr1:27692571-27692872 (65 of 997)
Analyzing pairs containing gRNA group chr1:27895040-27895341 (70 of 997)
Analyzing pairs containing gRNA group chr1:27935150-27935451 (75 of 997)
Analyzing pairs containing gRNA group chr1:28288404-28288705 (80 of 997)
Analyzing pairs containing gRNA group SH3BGRL3_TSS (85 of 997)
Analyzing pairs containing gRNA group chr1:89356501-89356802 (90 of 997)
Analyzing pairs containing gRNA group chr1:89615002-89615303 (95 of 997)
Analyzing pairs containing gRNA group chr1:89989489-89989790 (100 of 997)
Analyzing pairs containing gRNA group chr1:90259985-90260286 (105 of 997)
Analyzing pairs containing gRNA group chr1:90309373-90309674 (110 of 997)
Analyzing pairs containing gRNA group chr1:90598616-90598917 (115 of 997)
Analyzing pairs containing gRNA group chr1:91027576-91027877 (120 of 997)
Analyzing pairs containing gRNA group ZNF326_TSS (125 of 997)
Analyzing pairs containing gRNA group chr1:198710922-198711223 (130 of 997)
Analyzing pairs containing gRNA group chr1:199241808-199242109 (135 of 997)
Analyzing pairs containing gRNA group chr1:199514919-199515220 (140 of 997)
Analyzing pairs containing gRNA group chr1:199923869-199924170 (145 of 997)
Analyzing pairs containing gRNA group chr1:200007796-200008097 (150 of 997)
Analyzing pairs containing gRNA group chr1:200017435-200017736 (155 of 997)
Analyzing pairs containing gRNA group chr1:200310450-200310751 (160 of 997)
Analyzing pairs containing gRNA group chr2:68547538-68547839 (165 of 997)
Analyzing pairs containing gRNA group chr2:68978897-68979198 (170 of 997)
Analyzing pairs containing gRNA group chr2:69170964-69171265 (175 of 997)
Analyzing pairs containing gRNA group chr2:69534551-69534852 (180 of 997)
Analyzing pairs containing gRNA group chr2:69871286-69871587 (185 of 997)
Analyzing pairs containing gRNA group chr2:70251411-70251712 (190 of 997)
Analyzing pairs containing gRNA group chr2:70350430-70350731 (195 of 997)
Analyzing pairs containing gRNA group chr2:70469705-70470006 (200 of 997)
Analyzing pairs containing gRNA group TIA1_TSS (205 of 997)
Analyzing pairs containing gRNA group chr2:74702088-74702389 (210 of 997)
Analyzing pairs containing gRNA group chr2:74742641-74742942 (215 of 997)
Analyzing pairs containing gRNA group chr2:74942162-74942463 (220 of 997)
Analyzing pairs containing gRNA group chr2:75092625-75092926 (225 of 997)
Analyzing pairs containing gRNA group chr2:75325974-75326275 (230 of 997)
Analyzing pairs containing gRNA group chr2:75608185-75608486 (235 of 997)
Analyzing pairs containing gRNA group chr2:75855061-75855362 (240 of 997)
Analyzing pairs containing gRNA group chr2:76425017-76425318 (245 of 997)
Analyzing pairs containing gRNA group chr2:216972574-216972875 (250 of 997)
Analyzing pairs containing gRNA group chr2:217383925-217384226 (255 of 997)
Analyzing pairs containing gRNA group chr2:217530448-217530749 (260 of 997)
Analyzing pairs containing gRNA group chr2:217850354-217850931 (265 of 997)
Analyzing pairs containing gRNA group chr2:218486919-218487220 (270 of 997)
Analyzing pairs containing gRNA group chr2:218665249-218665550 (275 of 997)
Analyzing pairs containing gRNA group chr2:218764304-218764605 (280 of 997)
Analyzing pairs containing gRNA group chr2:218886503-218886804 (285 of 997)
Analyzing pairs containing gRNA group chr2:218938696-218938997 (290 of 997)
Analyzing pairs containing gRNA group XRCC5_TSS (295 of 997)
Analyzing pairs containing gRNA group chr5:71361059-71361360 (300 of 997)
Analyzing pairs containing gRNA group chr5:70993790-70994091 (305 of 997)
Analyzing pairs containing gRNA group chr5:71228937-71229238 (310 of 997)
Analyzing pairs containing gRNA group chr5:71361781-71362082 (315 of 997)
Analyzing pairs containing gRNA group chr5:71421859-71422160 (320 of 997)
Analyzing pairs containing gRNA group chr5:71604181-71604482 (325 of 997)
Analyzing pairs containing gRNA group chr5:71713693-71713994 (330 of 997)
Analyzing pairs containing gRNA group chr5:72144296-72144597 (335 of 997)
Analyzing pairs containing gRNA group chr6:23002513-23002814 (340 of 997)
Analyzing pairs containing gRNA group chr6:23659435-23659736 (345 of 997)
Analyzing pairs containing gRNA group chr6:24283476-24283777 (350 of 997)
Analyzing pairs containing gRNA group chr6:24492767-24493068 (355 of 997)
Analyzing pairs containing gRNA group chr6:24581345-24581646 (360 of 997)
Analyzing pairs containing gRNA group chr6:24721359-24721660 (365 of 997)
Analyzing pairs containing gRNA group chr6:27198185-27198486 (370 of 997)
Analyzing pairs containing gRNA group chr6:27258240-27258541 (375 of 997)
Analyzing pairs containing gRNA group chr6:27638213-27638514 (380 of 997)
Analyzing pairs containing gRNA group chr6:27721898-27722199 (385 of 997)
Analyzing pairs containing gRNA group chr6:28180655-28180956 (390 of 997)
Analyzing pairs containing gRNA group chr6:28651942-28652243 (395 of 997)
Analyzing pairs containing gRNA group chr6:28805149-28805450 (400 of 997)
Analyzing pairs containing gRNA group TRIM27_TSS (405 of 997)
Analyzing pairs containing gRNA group chr6:33926364-33926665 (410 of 997)
Analyzing pairs containing gRNA group chr6:34117827-34118128 (415 of 997)
Analyzing pairs containing gRNA group chr6:34164035-34164336 (420 of 997)
Analyzing pairs containing gRNA group chr6:34216178-34216479 (425 of 997)
Analyzing pairs containing gRNA group chr6:34487627-34487928 (430 of 997)
Analyzing pairs containing gRNA group chr6:34993536-34993837 (435 of 997)
Analyzing pairs containing gRNA group chr6:35328221-35328522 (440 of 997)
Analyzing pairs containing gRNA group chr6:35520105-35520406 (445 of 997)
Analyzing pairs containing gRNA group HMGA1_TSS_3 (450 of 997)
Analyzing pairs containing gRNA group chr8:145697774-145698075 (455 of 997)
Analyzing pairs containing gRNA group chr8:145701156-145701457 (460 of 997)
Analyzing pairs containing gRNA group chr8:145747673-145747974 (465 of 997)
Analyzing pairs containing gRNA group chr8:145823027-145823328 (470 of 997)
Analyzing pairs containing gRNA group chr8:145827664-145827965 (475 of 997)
Analyzing pairs containing gRNA group chr8:145925839-145926140 (480 of 997)
Analyzing pairs containing gRNA group chr8:145996239-145996540 (485 of 997)
Analyzing pairs containing gRNA group chr8:146127364-146127665 (490 of 997)
Analyzing pairs containing gRNA group ZNF251_TSS (495 of 997)
Analyzing pairs containing gRNA group chr10:25971122-25971423 (500 of 997)
Analyzing pairs containing gRNA group chr10:26046915-26047216 (505 of 997)
Analyzing pairs containing gRNA group chr10:26374515-26374816 (510 of 997)
Analyzing pairs containing gRNA group chr10:26506808-26507109 (515 of 997)
Analyzing pairs containing gRNA group chr10:26680894-26681195 (520 of 997)
Analyzing pairs containing gRNA group chr10:26862666-26862967 (525 of 997)
Analyzing pairs containing gRNA group chr10:27220230-27220531 (530 of 997)
Analyzing pairs containing gRNA group BAG3_TSS (535 of 997)
Analyzing pairs containing gRNA group chr11:35738651-35738952 (540 of 997)
Analyzing pairs containing gRNA group chr11:36077940-36078241 (545 of 997)
Analyzing pairs containing gRNA group chr11:36153329-36153630 (550 of 997)
Analyzing pairs containing gRNA group chr11:36383607-36383908 (555 of 997)
Analyzing pairs containing gRNA group chr11:36476499-36476800 (560 of 997)
Analyzing pairs containing gRNA group chr11:36768669-36768970 (565 of 997)
Analyzing pairs containing gRNA group chr11:57546843-57547144 (570 of 997)
Analyzing pairs containing gRNA group chr11:57827325-57827626 (575 of 997)
Analyzing pairs containing gRNA group chr11:58292087-58292388 (580 of 997)
Analyzing pairs containing gRNA group chr11:58672724-58673025 (585 of 997)
Analyzing pairs containing gRNA group chr11:58862690-58862991 (590 of 997)
Analyzing pairs containing gRNA group chr11:58975448-58975749 (595 of 997)
Analyzing pairs containing gRNA group chr11:59318380-59318911 (600 of 997)
Analyzing pairs containing gRNA group chr11:59333332-59333633 (605 of 997)
Analyzing pairs containing gRNA group ZFP91_TSS (610 of 997)
Analyzing pairs containing gRNA group chr11:64513446-64513747 (615 of 997)
Analyzing pairs containing gRNA group chr11:64969434-64969735 (620 of 997)
Analyzing pairs containing gRNA group chr11:65123266-65123567 (625 of 997)
Analyzing pairs containing gRNA group chr11:65382834-65383266 (630 of 997)
Analyzing pairs containing gRNA group chr11:65511967-65512268 (635 of 997)
Analyzing pairs containing gRNA group chr11:65626778-65627079 (640 of 997)
Analyzing pairs containing gRNA group chr11:66095821-66096122 (645 of 997)
Analyzing pairs containing gRNA group MRPL11_TSS (650 of 997)
Analyzing pairs containing gRNA group chr12:7033998-7034299 (655 of 997)
Analyzing pairs containing gRNA group chr12:7072144-7072445 (660 of 997)
Analyzing pairs containing gRNA group chr12:7315278-7315579 (665 of 997)
Analyzing pairs containing gRNA group chr12:7858438-7858739 (670 of 997)
Analyzing pairs containing gRNA group chr12:8085800-8086101 (675 of 997)
Analyzing pairs containing gRNA group chr12:8394903-8395204 (680 of 997)
Analyzing pairs containing gRNA group chr12:8717365-8717666 (685 of 997)
Analyzing pairs containing gRNA group PHB2_TSS (690 of 997)
Analyzing pairs containing gRNA group chr12:124229422-124229723 (695 of 997)
Analyzing pairs containing gRNA group chr12:124423280-124423581 (700 of 997)
Analyzing pairs containing gRNA group chr12:124630601-124630902 (705 of 997)
Analyzing pairs containing gRNA group chr12:124856710-124857011 (710 of 997)
Analyzing pairs containing gRNA group chr12:125248959-125249260 (715 of 997)
Analyzing pairs containing gRNA group chr12:125423590-125423891 (720 of 997)
Analyzing pairs containing gRNA group chr12:125669833-125670378 (725 of 997)
Analyzing pairs containing gRNA group chr12:126002673-126002974 (730 of 997)
Analyzing pairs containing gRNA group chr16:30389011-30389312 (735 of 997)
Analyzing pairs containing gRNA group chr16:30456669-30456970 (740 of 997)
Analyzing pairs containing gRNA group chr16:30760002-30760303 (745 of 997)
Analyzing pairs containing gRNA group chr16:30946496-30946797 (750 of 997)
Analyzing pairs containing gRNA group chr16:31053556-31053857 (755 of 997)
Analyzing pairs containing gRNA group chr16:31154991-31155292 (760 of 997)
Analyzing pairs containing gRNA group chr16:31393924-31394225 (765 of 997)
Analyzing pairs containing gRNA group chr16:31487326-31487627 (770 of 997)
Analyzing pairs containing gRNA group chr16:31870720-31871021 (775 of 997)
Analyzing pairs containing gRNA group chr17:6339347-6339648 (780 of 997)
Analyzing pairs containing gRNA group chr17:6945852-6946153 (785 of 997)
Analyzing pairs containing gRNA group chr17:7127989-7128290 (790 of 997)
Analyzing pairs containing gRNA group RNASEK_TSS (795 of 997)
Analyzing pairs containing gRNA group chr17:7463719-7464020 (800 of 997)
Analyzing pairs containing gRNA group chr17:7610803-7611104 (805 of 997)
Analyzing pairs containing gRNA group chr17:7826167-7826468 (810 of 997)
Analyzing pairs containing gRNA group chr17:7982544-7982845 (815 of 997)
Analyzing pairs containing gRNA group chr17:8028902-8029203 (820 of 997)
Analyzing pairs containing gRNA group ROCK1_TSS (825 of 997)
Analyzing pairs containing gRNA group chr19:10360812-10361113 (830 of 997)
Analyzing pairs containing gRNA group chr19:10446355-10446656 (835 of 997)
Analyzing pairs containing gRNA group chr19:8510411-8510712 (840 of 997)
Analyzing pairs containing gRNA group chr19:8650851-8651152 (845 of 997)
Analyzing pairs containing gRNA group chr19:9184553-9184854 (850 of 997)
Analyzing pairs containing gRNA group chr19:9736526-9736827 (855 of 997)
Analyzing pairs containing gRNA group chr19:9903333-9903634 (860 of 997)
Analyzing pairs containing gRNA group CDC37_TSS (865 of 997)
Analyzing pairs containing gRNA group chr19:13264344-13264645 (870 of 997)
Analyzing pairs containing gRNA group chr19:13617857-13618158 (875 of 997)
Analyzing pairs containing gRNA group chr19:13721171-13721472 (880 of 997)
Analyzing pairs containing gRNA group chr19:13928698-13928999 (885 of 997)
Analyzing pairs containing gRNA group chr19:13972760-13973061 (890 of 997)
Analyzing pairs containing gRNA group chr19:14159408-14159709 (895 of 997)
Analyzing pairs containing gRNA group chr19:14358359-14358660 (900 of 997)
Analyzing pairs containing gRNA group chr19:14685020-14685321 (905 of 997)
Analyzing pairs containing gRNA group chr19:15231310-15231611 (910 of 997)
Analyzing pairs containing gRNA group BTBD3_TSS_2 (915 of 997)
Analyzing pairs containing gRNA group chr20:12188530-12188831 (920 of 997)
Analyzing pairs containing gRNA group chr20:12551031-12551332 (925 of 997)
Analyzing pairs containing gRNA group chr20:12818965-12819266 (930 of 997)
Analyzing pairs containing gRNA group chr20:13200295-13200596 (935 of 997)
Analyzing pairs containing gRNA group chr20:13255024-13255325 (940 of 997)
Analyzing pairs containing gRNA group chr20:13630222-13630523 (945 of 997)
Analyzing pairs containing gRNA group chr20:13851042-13851343 (950 of 997)
Analyzing pairs containing gRNA group chr20:48505065-48505366 (955 of 997)
Analyzing pairs containing gRNA group chr20:48626717-48627018 (960 of 997)
Analyzing pairs containing gRNA group chr20:48782656-48782957 (965 of 997)
Analyzing pairs containing gRNA group chr20:48960975-48961276 (970 of 997)
Analyzing pairs containing gRNA group chr20:49307350-49307651 (975 of 997)
Analyzing pairs containing gRNA group chr20:49487386-49487687 (980 of 997)
Analyzing pairs containing gRNA group chr20:49609564-49609865 (985 of 997)
Analyzing pairs containing gRNA group chr20:50255806-50256107 (990 of 997)
Analyzing pairs containing gRNA group chr20:50416713-50417014 (995 of 997)
Warning messages:
1: In compute_nt_nonzero_matrix_and_n_ok_pairs_v3(j = response_matrix@j,  :
  subscript out of bounds (index 6836 >= vector size 6836)
2: In compute_nt_nonzero_matrix_and_n_ok_pairs_v3(j = response_matrix@j,  :
  subscript out of bounds (index 6836 >= vector size 6836)
3: In compute_nt_nonzero_matrix_and_n_ok_pairs_v3(j = response_matrix@j,  :
  subscript out of bounds (index 6836 >= vector size 6836)
4: In compute_nt_nonzero_matrix_and_n_ok_pairs_v3(j = response_matrix@j,  :
  subscript out of bounds (index 6836 >= vector size 6836)
Note: If you are on a Mac laptop or desktop, consider setting `parallel = TRUE` to improve speed. Otherwise, keep `parallel = FALSE`.

Constructing negative control pairs. ✓
Running precomputation on response ENSG00000134758 (1 of 188)
Running precomputation on response ENSG00000198169 (5 of 188)
Running precomputation on response ENSG00000124222 (10 of 188)
Running precomputation on response ENSG00000105011 (15 of 188)
Running precomputation on response ENSG00000156017 (20 of 188)
Running precomputation on response ENSG00000141646 (25 of 188)
Running precomputation on response ENSG00000175602 (30 of 188)
Running precomputation on response ENSG00000135597 (35 of 188)
Running precomputation on response ENSG00000101115 (40 of 188)
Running precomputation on response ENSG00000165905 (45 of 188)
Running precomputation on response ENSG00000173933 (50 of 188)
Running precomputation on response ENSG00000181885 (55 of 188)
Running precomputation on response ENSG00000087338 (60 of 188)
Running precomputation on response ENSG00000148634 (65 of 188)
Running precomputation on response ENSG00000111364 (70 of 188)
Running precomputation on response ENSG00000175550 (75 of 188)
Running precomputation on response ENSG00000187838 (80 of 188)
Running precomputation on response ENSG00000079246 (85 of 188)
Running precomputation on response ENSG00000204713 (90 of 188)
Running precomputation on response ENSG00000005448 (95 of 188)
Running precomputation on response ENSG00000000419 (100 of 188)
Running precomputation on response ENSG00000169992 (105 of 188)
Running precomputation on response ENSG00000179431 (110 of 188)
Running precomputation on response ENSG00000136758 (115 of 188)
Running precomputation on response ENSG00000172803 (120 of 188)
Running precomputation on response ENSG00000149823 (125 of 188)
Running precomputation on response ENSG00000162664 (130 of 188)
Running precomputation on response ENSG00000161016 (135 of 188)
Running precomputation on response ENSG00000130768 (140 of 188)
Running precomputation on response ENSG00000197147 (145 of 188)
Running precomputation on response ENSG00000111678 (150 of 188)
Running precomputation on response ENSG00000065978 (155 of 188)
Running precomputation on response ENSG00000115457 (160 of 188)
Running precomputation on response ENSG00000170291 (165 of 188)
Running precomputation on response ENSG00000170043 (170 of 188)
Running precomputation on response ENSG00000099795 (175 of 188)
Running precomputation on response ENSG00000179029 (180 of 188)
Running precomputation on response ENSG00000167700 (185 of 188)
Analyzing pairs containing gRNA group WTC11_Random_Screen_Crop_15420&WTC11_Random_Screen_Crop_15465&WTC11_Random_Screen_Crop_15607&WTC11_Random_Screen_Crop_15724&WTC11_Random_Screen_Crop_15746&WTC11_Random_Screen_Crop_15757&WTC11_Random_Screen_Crop_15827&WTC11_Random_Screen_Crop_15840&WTC11_Random_Screen_Crop_15883&WTC11_Random_Screen_Crop_15901&WTC11_Random_Screen_Crop_15906&WTC11_Random_Screen_Crop_15934&WTC11_Random_Screen_Crop_16045&WTC11_Random_Screen_Crop_16098&WTC11_Random_Screen_Crop_16170 (1 of 173)
Analyzing pairs containing gRNA group WTC11_Random_Screen_Crop_15411&WTC11_Random_Screen_Crop_15447&WTC11_Random_Screen_Crop_15502&WTC11_Random_Screen_Crop_15508&WTC11_Random_Screen_Crop_15537&WTC11_Random_Screen_Crop_15577&WTC11_Random_Screen_Crop_15635&WTC11_Random_Screen_Crop_15659&WTC11_Random_Screen_Crop_15833&WTC11_Random_Screen_Crop_15881&WTC11_Random_Screen_Crop_16017&WTC11_Random_Screen_Crop_16060&WTC11_Random_Screen_Crop_16112&WTC11_Random_Screen_Crop_16144&WTC11_Random_Screen_Crop_16169 (5 of 173)
Analyzing pairs containing gRNA group WTC11_Random_Screen_Crop_15472&WTC11_Random_Screen_Crop_15507&WTC11_Random_Screen_Crop_15510&WTC11_Random_Screen_Crop_15597&WTC11_Random_Screen_Crop_15653&WTC11_Random_Screen_Crop_15660&WTC11_Random_Screen_Crop_15710&WTC11_Random_Screen_Crop_15766&WTC11_Random_Screen_Crop_15807&WTC11_Random_Screen_Crop_16038&WTC11_Random_Screen_Crop_16046&WTC11_Random_Screen_Crop_16050&WTC11_Random_Screen_Crop_16136&WTC11_Random_Screen_Crop_16156&WTC11_Random_Screen_Crop_16192 (10 of 173)
Analyzing pairs containing gRNA group WTC11_Random_Screen_Crop_15480&WTC11_Random_Screen_Crop_15484&WTC11_Random_Screen_Crop_15537&WTC11_Random_Screen_Crop_15553&WTC11_Random_Screen_Crop_15591&WTC11_Random_Screen_Crop_15596&WTC11_Random_Screen_Crop_15654&WTC11_Random_Screen_Crop_15801&WTC11_Random_Screen_Crop_15861&WTC11_Random_Screen_Crop_15878&WTC11_Random_Screen_Crop_15901&WTC11_Random_Screen_Crop_16000&WTC11_Random_Screen_Crop_16107&WTC11_Random_Screen_Crop_16166&WTC11_Random_Screen_Crop_16167 (15 of 173)
Analyzing pairs containing gRNA group WTC11_Random_Screen_Crop_15416&WTC11_Random_Screen_Crop_15443&WTC11_Random_Screen_Crop_15599&WTC11_Random_Screen_Crop_15623&WTC11_Random_Screen_Crop_15641&WTC11_Random_Screen_Crop_15678&WTC11_Random_Screen_Crop_15703&WTC11_Random_Screen_Crop_15764&WTC11_Random_Screen_Crop_15766&WTC11_Random_Screen_Crop_15870&WTC11_Random_Screen_Crop_15913&WTC11_Random_Screen_Crop_16169&WTC11_Random_Screen_Crop_16173&WTC11_Random_Screen_Crop_16185&WTC11_Random_Screen_Crop_16195 (20 of 173)
Analyzing pairs containing gRNA group WTC11_Random_Screen_Crop_15418&WTC11_Random_Screen_Crop_15457&WTC11_Random_Screen_Crop_15492&WTC11_Random_Screen_Crop_15509&WTC11_Random_Screen_Crop_15611&WTC11_Random_Screen_Crop_15635&WTC11_Random_Screen_Crop_15637&WTC11_Random_Screen_Crop_15706&WTC11_Random_Screen_Crop_15761&WTC11_Random_Screen_Crop_15769&WTC11_Random_Screen_Crop_15869&WTC11_Random_Screen_Crop_16048&WTC11_Random_Screen_Crop_16079&WTC11_Random_Screen_Crop_16116&WTC11_Random_Screen_Crop_16192 (25 of 173)
Analyzing pairs containing gRNA group WTC11_Random_Screen_Crop_15584&WTC11_Random_Screen_Crop_15614&WTC11_Random_Screen_Crop_15705&WTC11_Random_Screen_Crop_15862&WTC11_Random_Screen_Crop_15890&WTC11_Random_Screen_Crop_15920&WTC11_Random_Screen_Crop_15924&WTC11_Random_Screen_Crop_15932&WTC11_Random_Screen_Crop_15964&WTC11_Random_Screen_Crop_15978&WTC11_Random_Screen_Crop_15981&WTC11_Random_Screen_Crop_16094&WTC11_Random_Screen_Crop_16131&WTC11_Random_Screen_Crop_16172&WTC11_Random_Screen_Crop_16178 (30 of 173)
Analyzing pairs containing gRNA group WTC11_Random_Screen_Crop_15532&WTC11_Random_Screen_Crop_15620&WTC11_Random_Screen_Crop_15640&WTC11_Random_Screen_Crop_15706&WTC11_Random_Screen_Crop_15708&WTC11_Random_Screen_Crop_15755&WTC11_Random_Screen_Crop_15784&WTC11_Random_Screen_Crop_15820&WTC11_Random_Screen_Crop_15853&WTC11_Random_Screen_Crop_15951&WTC11_Random_Screen_Crop_15967&WTC11_Random_Screen_Crop_16023&WTC11_Random_Screen_Crop_16024&WTC11_Random_Screen_Crop_16072&WTC11_Random_Screen_Crop_16123 (35 of 173)
Analyzing pairs containing gRNA group WTC11_Random_Screen_Crop_15420&WTC11_Random_Screen_Crop_15438&WTC11_Random_Screen_Crop_15614&WTC11_Random_Screen_Crop_15633&WTC11_Random_Screen_Crop_15641&WTC11_Random_Screen_Crop_15766&WTC11_Random_Screen_Crop_15794&WTC11_Random_Screen_Crop_15808&WTC11_Random_Screen_Crop_15822&WTC11_Random_Screen_Crop_15926&WTC11_Random_Screen_Crop_15927&WTC11_Random_Screen_Crop_16040&WTC11_Random_Screen_Crop_16044&WTC11_Random_Screen_Crop_16188&WTC11_Random_Screen_Crop_16194 (40 of 173)
Analyzing pairs containing gRNA group WTC11_Random_Screen_Crop_15493&WTC11_Random_Screen_Crop_15639&WTC11_Random_Screen_Crop_15679&WTC11_Random_Screen_Crop_15687&WTC11_Random_Screen_Crop_15768&WTC11_Random_Screen_Crop_15807&WTC11_Random_Screen_Crop_15833&WTC11_Random_Screen_Crop_15858&WTC11_Random_Screen_Crop_15954&WTC11_Random_Screen_Crop_15982&WTC11_Random_Screen_Crop_16035&WTC11_Random_Screen_Crop_16050&WTC11_Random_Screen_Crop_16111&WTC11_Random_Screen_Crop_16140&WTC11_Random_Screen_Crop_16160 (45 of 173)
Analyzing pairs containing gRNA group WTC11_Random_Screen_Crop_15416&WTC11_Random_Screen_Crop_15456&WTC11_Random_Screen_Crop_15505&WTC11_Random_Screen_Crop_15509&WTC11_Random_Screen_Crop_15537&WTC11_Random_Screen_Crop_15561&WTC11_Random_Screen_Crop_15640&WTC11_Random_Screen_Crop_15644&WTC11_Random_Screen_Crop_15659&WTC11_Random_Screen_Crop_15671&WTC11_Random_Screen_Crop_15703&WTC11_Random_Screen_Crop_15816&WTC11_Random_Screen_Crop_15847&WTC11_Random_Screen_Crop_15988&WTC11_Random_Screen_Crop_16143 (50 of 173)
Analyzing pairs containing gRNA group WTC11_Random_Screen_Crop_15498&WTC11_Random_Screen_Crop_15509&WTC11_Random_Screen_Crop_15543&WTC11_Random_Screen_Crop_15724&WTC11_Random_Screen_Crop_15726&WTC11_Random_Screen_Crop_15781&WTC11_Random_Screen_Crop_15843&WTC11_Random_Screen_Crop_15911&WTC11_Random_Screen_Crop_15987&WTC11_Random_Screen_Crop_16022&WTC11_Random_Screen_Crop_16037&WTC11_Random_Screen_Crop_16040&WTC11_Random_Screen_Crop_16072&WTC11_Random_Screen_Crop_16182&WTC11_Random_Screen_Crop_16183 (55 of 173)
Analyzing pairs containing gRNA group WTC11_Random_Screen_Crop_15411&WTC11_Random_Screen_Crop_15439&WTC11_Random_Screen_Crop_15475&WTC11_Random_Screen_Crop_15531&WTC11_Random_Screen_Crop_15553&WTC11_Random_Screen_Crop_15562&WTC11_Random_Screen_Crop_15700&WTC11_Random_Screen_Crop_15712&WTC11_Random_Screen_Crop_15735&WTC11_Random_Screen_Crop_15769&WTC11_Random_Screen_Crop_15864&WTC11_Random_Screen_Crop_15899&WTC11_Random_Screen_Crop_15910&WTC11_Random_Screen_Crop_16047&WTC11_Random_Screen_Crop_16124 (60 of 173)
Analyzing pairs containing gRNA group WTC11_Random_Screen_Crop_15437&WTC11_Random_Screen_Crop_15449&WTC11_Random_Screen_Crop_15456&WTC11_Random_Screen_Crop_15505&WTC11_Random_Screen_Crop_15586&WTC11_Random_Screen_Crop_15589&WTC11_Random_Screen_Crop_15655&WTC11_Random_Screen_Crop_15679&WTC11_Random_Screen_Crop_15747&WTC11_Random_Screen_Crop_15777&WTC11_Random_Screen_Crop_15857&WTC11_Random_Screen_Crop_15858&WTC11_Random_Screen_Crop_15861&WTC11_Random_Screen_Crop_15897&WTC11_Random_Screen_Crop_15913 (65 of 173)
Analyzing pairs containing gRNA group WTC11_Random_Screen_Crop_15436&WTC11_Random_Screen_Crop_15476&WTC11_Random_Screen_Crop_15487&WTC11_Random_Screen_Crop_15551&WTC11_Random_Screen_Crop_15572&WTC11_Random_Screen_Crop_15698&WTC11_Random_Screen_Crop_15785&WTC11_Random_Screen_Crop_15848&WTC11_Random_Screen_Crop_15915&WTC11_Random_Screen_Crop_16068&WTC11_Random_Screen_Crop_16146&WTC11_Random_Screen_Crop_16161&WTC11_Random_Screen_Crop_16168&WTC11_Random_Screen_Crop_16169&WTC11_Random_Screen_Crop_16178 (70 of 173)
Analyzing pairs containing gRNA group WTC11_Random_Screen_Crop_15437&WTC11_Random_Screen_Crop_15446&WTC11_Random_Screen_Crop_15448&WTC11_Random_Screen_Crop_15467&WTC11_Random_Screen_Crop_15588&WTC11_Random_Screen_Crop_15598&WTC11_Random_Screen_Crop_15697&WTC11_Random_Screen_Crop_15866&WTC11_Random_Screen_Crop_15906&WTC11_Random_Screen_Crop_15965&WTC11_Random_Screen_Crop_16007&WTC11_Random_Screen_Crop_16008&WTC11_Random_Screen_Crop_16132&WTC11_Random_Screen_Crop_16157&WTC11_Random_Screen_Crop_16184 (75 of 173)
Analyzing pairs containing gRNA group WTC11_Random_Screen_Crop_15414&WTC11_Random_Screen_Crop_15447&WTC11_Random_Screen_Crop_15690&WTC11_Random_Screen_Crop_15738&WTC11_Random_Screen_Crop_15849&WTC11_Random_Screen_Crop_15864&WTC11_Random_Screen_Crop_15878&WTC11_Random_Screen_Crop_15934&WTC11_Random_Screen_Crop_15954&WTC11_Random_Screen_Crop_15961&WTC11_Random_Screen_Crop_16016&WTC11_Random_Screen_Crop_16036&WTC11_Random_Screen_Crop_16048&WTC11_Random_Screen_Crop_16085&WTC11_Random_Screen_Crop_16106 (80 of 173)
Analyzing pairs containing gRNA group WTC11_Random_Screen_Crop_15427&WTC11_Random_Screen_Crop_15473&WTC11_Random_Screen_Crop_15556&WTC11_Random_Screen_Crop_15595&WTC11_Random_Screen_Crop_15768&WTC11_Random_Screen_Crop_15771&WTC11_Random_Screen_Crop_15898&WTC11_Random_Screen_Crop_15936&WTC11_Random_Screen_Crop_15938&WTC11_Random_Screen_Crop_15969&WTC11_Random_Screen_Crop_16062&WTC11_Random_Screen_Crop_16090&WTC11_Random_Screen_Crop_16093&WTC11_Random_Screen_Crop_16165&WTC11_Random_Screen_Crop_16168 (85 of 173)
Analyzing pairs containing gRNA group WTC11_Random_Screen_Crop_15440&WTC11_Random_Screen_Crop_15469&WTC11_Random_Screen_Crop_15643&WTC11_Random_Screen_Crop_15804&WTC11_Random_Screen_Crop_15822&WTC11_Random_Screen_Crop_15833&WTC11_Random_Screen_Crop_15847&WTC11_Random_Screen_Crop_15879&WTC11_Random_Screen_Crop_15938&WTC11_Random_Screen_Crop_15968&WTC11_Random_Screen_Crop_16023&WTC11_Random_Screen_Crop_16029&WTC11_Random_Screen_Crop_16044&WTC11_Random_Screen_Crop_16136&WTC11_Random_Screen_Crop_16137 (90 of 173)
Analyzing pairs containing gRNA group WTC11_Random_Screen_Crop_15458&WTC11_Random_Screen_Crop_15522&WTC11_Random_Screen_Crop_15566&WTC11_Random_Screen_Crop_15720&WTC11_Random_Screen_Crop_15779&WTC11_Random_Screen_Crop_15826&WTC11_Random_Screen_Crop_15836&WTC11_Random_Screen_Crop_15884&WTC11_Random_Screen_Crop_15892&WTC11_Random_Screen_Crop_15895&WTC11_Random_Screen_Crop_15906&WTC11_Random_Screen_Crop_15959&WTC11_Random_Screen_Crop_16016&WTC11_Random_Screen_Crop_16061&WTC11_Random_Screen_Crop_16111 (95 of 173)
Analyzing pairs containing gRNA group WTC11_Random_Screen_Crop_15452&WTC11_Random_Screen_Crop_15549&WTC11_Random_Screen_Crop_15570&WTC11_Random_Screen_Crop_15572&WTC11_Random_Screen_Crop_15635&WTC11_Random_Screen_Crop_15702&WTC11_Random_Screen_Crop_15730&WTC11_Random_Screen_Crop_15747&WTC11_Random_Screen_Crop_15881&WTC11_Random_Screen_Crop_15889&WTC11_Random_Screen_Crop_15953&WTC11_Random_Screen_Crop_16037&WTC11_Random_Screen_Crop_16121&WTC11_Random_Screen_Crop_16163&WTC11_Random_Screen_Crop_16173 (100 of 173)
Analyzing pairs containing gRNA group WTC11_Random_Screen_Crop_15472&WTC11_Random_Screen_Crop_15486&WTC11_Random_Screen_Crop_15523&WTC11_Random_Screen_Crop_15551&WTC11_Random_Screen_Crop_15574&WTC11_Random_Screen_Crop_15591&WTC11_Random_Screen_Crop_15603&WTC11_Random_Screen_Crop_15665&WTC11_Random_Screen_Crop_15814&WTC11_Random_Screen_Crop_15837&WTC11_Random_Screen_Crop_15953&WTC11_Random_Screen_Crop_16022&WTC11_Random_Screen_Crop_16041&WTC11_Random_Screen_Crop_16062&WTC11_Random_Screen_Crop_16104 (105 of 173)
Analyzing pairs containing gRNA group WTC11_Random_Screen_Crop_15416&WTC11_Random_Screen_Crop_15424&WTC11_Random_Screen_Crop_15496&WTC11_Random_Screen_Crop_15516&WTC11_Random_Screen_Crop_15625&WTC11_Random_Screen_Crop_15635&WTC11_Random_Screen_Crop_15665&WTC11_Random_Screen_Crop_15700&WTC11_Random_Screen_Crop_15722&WTC11_Random_Screen_Crop_15852&WTC11_Random_Screen_Crop_15885&WTC11_Random_Screen_Crop_15994&WTC11_Random_Screen_Crop_16094&WTC11_Random_Screen_Crop_16146&WTC11_Random_Screen_Crop_16150 (110 of 173)
Analyzing pairs containing gRNA group WTC11_Random_Screen_Crop_15507&WTC11_Random_Screen_Crop_15723&WTC11_Random_Screen_Crop_15785&WTC11_Random_Screen_Crop_15790&WTC11_Random_Screen_Crop_15795&WTC11_Random_Screen_Crop_15806&WTC11_Random_Screen_Crop_15842&WTC11_Random_Screen_Crop_15905&WTC11_Random_Screen_Crop_15972&WTC11_Random_Screen_Crop_16041&WTC11_Random_Screen_Crop_16086&WTC11_Random_Screen_Crop_16098&WTC11_Random_Screen_Crop_16107&WTC11_Random_Screen_Crop_16141&WTC11_Random_Screen_Crop_16143 (115 of 173)
Analyzing pairs containing gRNA group WTC11_Random_Screen_Crop_15427&WTC11_Random_Screen_Crop_15441&WTC11_Random_Screen_Crop_15452&WTC11_Random_Screen_Crop_15499&WTC11_Random_Screen_Crop_15502&WTC11_Random_Screen_Crop_15537&WTC11_Random_Screen_Crop_15545&WTC11_Random_Screen_Crop_15556&WTC11_Random_Screen_Crop_15806&WTC11_Random_Screen_Crop_16061&WTC11_Random_Screen_Crop_16071&WTC11_Random_Screen_Crop_16072&WTC11_Random_Screen_Crop_16087&WTC11_Random_Screen_Crop_16161&WTC11_Random_Screen_Crop_16182 (120 of 173)
Analyzing pairs containing gRNA group WTC11_Random_Screen_Crop_15432&WTC11_Random_Screen_Crop_15455&WTC11_Random_Screen_Crop_15458&WTC11_Random_Screen_Crop_15489&WTC11_Random_Screen_Crop_15499&WTC11_Random_Screen_Crop_15529&WTC11_Random_Screen_Crop_15575&WTC11_Random_Screen_Crop_15593&WTC11_Random_Screen_Crop_15614&WTC11_Random_Screen_Crop_15653&WTC11_Random_Screen_Crop_15704&WTC11_Random_Screen_Crop_15768&WTC11_Random_Screen_Crop_15831&WTC11_Random_Screen_Crop_15947&WTC11_Random_Screen_Crop_16149 (125 of 173)
Analyzing pairs containing gRNA group WTC11_Random_Screen_Crop_15563&WTC11_Random_Screen_Crop_15575&WTC11_Random_Screen_Crop_15631&WTC11_Random_Screen_Crop_15664&WTC11_Random_Screen_Crop_15666&WTC11_Random_Screen_Crop_15676&WTC11_Random_Screen_Crop_15683&WTC11_Random_Screen_Crop_15734&WTC11_Random_Screen_Crop_15820&WTC11_Random_Screen_Crop_15865&WTC11_Random_Screen_Crop_15986&WTC11_Random_Screen_Crop_15990&WTC11_Random_Screen_Crop_16004&WTC11_Random_Screen_Crop_16031&WTC11_Random_Screen_Crop_16037 (130 of 173)
Analyzing pairs containing gRNA group WTC11_Random_Screen_Crop_15442&WTC11_Random_Screen_Crop_15447&WTC11_Random_Screen_Crop_15449&WTC11_Random_Screen_Crop_15509&WTC11_Random_Screen_Crop_15582&WTC11_Random_Screen_Crop_15685&WTC11_Random_Screen_Crop_15833&WTC11_Random_Screen_Crop_15897&WTC11_Random_Screen_Crop_15905&WTC11_Random_Screen_Crop_15941&WTC11_Random_Screen_Crop_15959&WTC11_Random_Screen_Crop_15989&WTC11_Random_Screen_Crop_15995&WTC11_Random_Screen_Crop_16143&WTC11_Random_Screen_Crop_16173 (135 of 173)
Analyzing pairs containing gRNA group WTC11_Random_Screen_Crop_15399&WTC11_Random_Screen_Crop_15608&WTC11_Random_Screen_Crop_15610&WTC11_Random_Screen_Crop_15614&WTC11_Random_Screen_Crop_15728&WTC11_Random_Screen_Crop_15739&WTC11_Random_Screen_Crop_15771&WTC11_Random_Screen_Crop_15774&WTC11_Random_Screen_Crop_15818&WTC11_Random_Screen_Crop_15864&WTC11_Random_Screen_Crop_15919&WTC11_Random_Screen_Crop_15948&WTC11_Random_Screen_Crop_15968&WTC11_Random_Screen_Crop_16017&WTC11_Random_Screen_Crop_16081 (140 of 173)
Analyzing pairs containing gRNA group WTC11_Random_Screen_Crop_15430&WTC11_Random_Screen_Crop_15504&WTC11_Random_Screen_Crop_15639&WTC11_Random_Screen_Crop_15685&WTC11_Random_Screen_Crop_15712&WTC11_Random_Screen_Crop_15764&WTC11_Random_Screen_Crop_15789&WTC11_Random_Screen_Crop_15811&WTC11_Random_Screen_Crop_15898&WTC11_Random_Screen_Crop_15944&WTC11_Random_Screen_Crop_15945&WTC11_Random_Screen_Crop_15978&WTC11_Random_Screen_Crop_16078&WTC11_Random_Screen_Crop_16145&WTC11_Random_Screen_Crop_16189 (145 of 173)
Analyzing pairs containing gRNA group WTC11_Random_Screen_Crop_15415&WTC11_Random_Screen_Crop_15499&WTC11_Random_Screen_Crop_15528&WTC11_Random_Screen_Crop_15641&WTC11_Random_Screen_Crop_15689&WTC11_Random_Screen_Crop_15811&WTC11_Random_Screen_Crop_15870&WTC11_Random_Screen_Crop_15909&WTC11_Random_Screen_Crop_15940&WTC11_Random_Screen_Crop_16018&WTC11_Random_Screen_Crop_16054&WTC11_Random_Screen_Crop_16058&WTC11_Random_Screen_Crop_16134&WTC11_Random_Screen_Crop_16156&WTC11_Random_Screen_Crop_16189 (150 of 173)
Analyzing pairs containing gRNA group WTC11_Random_Screen_Crop_15465&WTC11_Random_Screen_Crop_15480&WTC11_Random_Screen_Crop_15570&WTC11_Random_Screen_Crop_15645&WTC11_Random_Screen_Crop_15647&WTC11_Random_Screen_Crop_15757&WTC11_Random_Screen_Crop_15777&WTC11_Random_Screen_Crop_15806&WTC11_Random_Screen_Crop_15943&WTC11_Random_Screen_Crop_15968&WTC11_Random_Screen_Crop_16120&WTC11_Random_Screen_Crop_16132&WTC11_Random_Screen_Crop_16148&WTC11_Random_Screen_Crop_16160&WTC11_Random_Screen_Crop_16169 (155 of 173)
Analyzing pairs containing gRNA group WTC11_Random_Screen_Crop_15469&WTC11_Random_Screen_Crop_15529&WTC11_Random_Screen_Crop_15629&WTC11_Random_Screen_Crop_15651&WTC11_Random_Screen_Crop_15679&WTC11_Random_Screen_Crop_15713&WTC11_Random_Screen_Crop_15797&WTC11_Random_Screen_Crop_15819&WTC11_Random_Screen_Crop_15848&WTC11_Random_Screen_Crop_15896&WTC11_Random_Screen_Crop_15923&WTC11_Random_Screen_Crop_15990&WTC11_Random_Screen_Crop_16093&WTC11_Random_Screen_Crop_16154&WTC11_Random_Screen_Crop_16194 (160 of 173)
Analyzing pairs containing gRNA group WTC11_Random_Screen_Crop_15521&WTC11_Random_Screen_Crop_15547&WTC11_Random_Screen_Crop_15606&WTC11_Random_Screen_Crop_15617&WTC11_Random_Screen_Crop_15726&WTC11_Random_Screen_Crop_15743&WTC11_Random_Screen_Crop_15777&WTC11_Random_Screen_Crop_15805&WTC11_Random_Screen_Crop_15810&WTC11_Random_Screen_Crop_15851&WTC11_Random_Screen_Crop_15855&WTC11_Random_Screen_Crop_15889&WTC11_Random_Screen_Crop_15962&WTC11_Random_Screen_Crop_16080&WTC11_Random_Screen_Crop_16169 (165 of 173)
Analyzing pairs containing gRNA group WTC11_Random_Screen_Crop_15408&WTC11_Random_Screen_Crop_15592&WTC11_Random_Screen_Crop_15755&WTC11_Random_Screen_Crop_15787&WTC11_Random_Screen_Crop_15790&WTC11_Random_Screen_Crop_15895&WTC11_Random_Screen_Crop_15901&WTC11_Random_Screen_Crop_15941&WTC11_Random_Screen_Crop_15952&WTC11_Random_Screen_Crop_15974&WTC11_Random_Screen_Crop_15978&WTC11_Random_Screen_Crop_16005&WTC11_Random_Screen_Crop_16017&WTC11_Random_Screen_Crop_16055&WTC11_Random_Screen_Crop_16056 (170 of 173)
Note: If you are on a Mac laptop or desktop, consider setting `parallel = TRUE` to improve speed. Otherwise, keep `parallel = FALSE`.

Running precomputation on response ENSG00000157916 (1 of 163)
Running precomputation on response ENSG00000142669 (5 of 163)
Running precomputation on response ENSG00000158246 (10 of 163)
Running precomputation on response ENSG00000213516 (15 of 163)
Running precomputation on response ENSG00000087338 (20 of 163)
Running precomputation on response ENSG00000035141 (25 of 163)
Running precomputation on response ENSG00000115307 (30 of 163)
Running precomputation on response ENSG00000197756 (35 of 163)
Running precomputation on response ENSG00000172062 (40 of 163)
Running precomputation on response ENSG00000111802 (45 of 163)
Running precomputation on response ENSG00000204531 (50 of 163)
Running precomputation on response ENSG00000064995 (55 of 163)
Running precomputation on response ENSG00000167700 (60 of 163)
Running precomputation on response ENSG00000136758 (65 of 163)
Running precomputation on response ENSG00000198561 (70 of 163)
Running precomputation on response ENSG00000149823 (75 of 163)
Running precomputation on response ENSG00000172757 (80 of 163)
Running precomputation on response ENSG00000175334 (85 of 163)
Running precomputation on response ENSG00000174547 (90 of 163)
Running precomputation on response ENSG00000111671 (95 of 163)
Running precomputation on response ENSG00000111684 (100 of 163)
Running precomputation on response ENSG00000185344 (105 of 163)
Running precomputation on response ENSG00000052344 (110 of 163)
Running precomputation on response ENSG00000129235 (115 of 163)
Running precomputation on response ENSG00000181885 (120 of 163)
Running precomputation on response ENSG00000169992 (125 of 163)
Running precomputation on response ENSG00000141504 (130 of 163)
Running precomputation on response ENSG00000179029 (135 of 163)
Running precomputation on response ENSG00000127452 (140 of 163)
Running precomputation on response ENSG00000105364 (145 of 163)
Running precomputation on response ENSG00000037757 (150 of 163)
Running precomputation on response ENSG00000099795 (155 of 163)
Running precomputation on response ENSG00000172216 (160 of 163)
Analyzing pairs containing gRNA group chr1:2345197-2345498 (1 of 997)
Analyzing pairs containing gRNA group chr1:2518516-2518817 (5 of 997)
Analyzing pairs containing gRNA group chr1:2713455-2713756 (10 of 997)
Analyzing pairs containing gRNA group chr1:2986674-2986975 (15 of 997)
Analyzing pairs containing gRNA group chr1:3381784-3382085 (20 of 997)
Analyzing pairs containing gRNA group chr1:3527152-3527453 (25 of 997)
Analyzing pairs containing gRNA group chr1:3568018-3568319 (30 of 997)
Analyzing pairs containing gRNA group chr1:3591385-3591686 (35 of 997)
Analyzing pairs containing gRNA group PEX10_TSS (40 of 997)
Analyzing pairs containing gRNA group chr1:26712559-26712860 (45 of 997)
Analyzing pairs containing gRNA group chr1:27004055-27004356 (50 of 997)
Analyzing pairs containing gRNA group chr1:27331229-27331530 (55 of 997)
Analyzing pairs containing gRNA group chr1:27627312-27627613 (60 of 997)
Analyzing pairs containing gRNA group chr1:27692571-27692872 (65 of 997)
Analyzing pairs containing gRNA group chr1:27895040-27895341 (70 of 997)
Analyzing pairs containing gRNA group chr1:27935150-27935451 (75 of 997)
Analyzing pairs containing gRNA group chr1:28288404-28288705 (80 of 997)
Analyzing pairs containing gRNA group SH3BGRL3_TSS (85 of 997)
Analyzing pairs containing gRNA group chr1:89356501-89356802 (90 of 997)
Analyzing pairs containing gRNA group chr1:89615002-89615303 (95 of 997)
Analyzing pairs containing gRNA group chr1:89989489-89989790 (100 of 997)
Analyzing pairs containing gRNA group chr1:90259985-90260286 (105 of 997)
Analyzing pairs containing gRNA group chr1:90309373-90309674 (110 of 997)
Analyzing pairs containing gRNA group chr1:90598616-90598917 (115 of 997)
Analyzing pairs containing gRNA group chr1:91027576-91027877 (120 of 997)
Analyzing pairs containing gRNA group ZNF326_TSS (125 of 997)
Analyzing pairs containing gRNA group chr1:198710922-198711223 (130 of 997)
Analyzing pairs containing gRNA group chr1:199241808-199242109 (135 of 997)
Analyzing pairs containing gRNA group chr1:199514919-199515220 (140 of 997)
Analyzing pairs containing gRNA group chr1:199923869-199924170 (145 of 997)
Analyzing pairs containing gRNA group chr1:200007796-200008097 (150 of 997)
Analyzing pairs containing gRNA group chr1:200017435-200017736 (155 of 997)
Analyzing pairs containing gRNA group chr1:200310450-200310751 (160 of 997)
Analyzing pairs containing gRNA group chr2:68547538-68547839 (165 of 997)
Analyzing pairs containing gRNA group chr2:68978897-68979198 (170 of 997)
Analyzing pairs containing gRNA group chr2:69170964-69171265 (175 of 997)
Analyzing pairs containing gRNA group chr2:69534551-69534852 (180 of 997)
Analyzing pairs containing gRNA group chr2:69871286-69871587 (185 of 997)
Analyzing pairs containing gRNA group chr2:70251411-70251712 (190 of 997)
Analyzing pairs containing gRNA group chr2:70350430-70350731 (195 of 997)
Analyzing pairs containing gRNA group chr2:70469705-70470006 (200 of 997)
Analyzing pairs containing gRNA group TIA1_TSS (205 of 997)
Analyzing pairs containing gRNA group chr2:74702088-74702389 (210 of 997)
Analyzing pairs containing gRNA group chr2:74742641-74742942 (215 of 997)
Analyzing pairs containing gRNA group chr2:74942162-74942463 (220 of 997)
Analyzing pairs containing gRNA group chr2:75092625-75092926 (225 of 997)
Analyzing pairs containing gRNA group chr2:75325974-75326275 (230 of 997)
Analyzing pairs containing gRNA group chr2:75608185-75608486 (235 of 997)
Analyzing pairs containing gRNA group chr2:75855061-75855362 (240 of 997)
Analyzing pairs containing gRNA group chr2:76425017-76425318 (245 of 997)
Analyzing pairs containing gRNA group chr2:216972574-216972875 (250 of 997)
Analyzing pairs containing gRNA group chr2:217383925-217384226 (255 of 997)
Analyzing pairs containing gRNA group chr2:217530448-217530749 (260 of 997)
Analyzing pairs containing gRNA group chr2:217850354-217850931 (265 of 997)
Analyzing pairs containing gRNA group chr2:218486919-218487220 (270 of 997)
Analyzing pairs containing gRNA group chr2:218665249-218665550 (275 of 997)
Analyzing pairs containing gRNA group chr2:218764304-218764605 (280 of 997)
Analyzing pairs containing gRNA group chr2:218886503-218886804 (285 of 997)
Analyzing pairs containing gRNA group chr2:218938696-218938997 (290 of 997)
Analyzing pairs containing gRNA group XRCC5_TSS (295 of 997)
Analyzing pairs containing gRNA group chr5:70897036-70897337 (300 of 997)
Analyzing pairs containing gRNA group chr5:71078786-71079087 (305 of 997)
Analyzing pairs containing gRNA group chr5:71314039-71314340 (310 of 997)
Analyzing pairs containing gRNA group chr5:71366419-71366720 (315 of 997)
Analyzing pairs containing gRNA group chr5:71421859-71422160 (320 of 997)
Analyzing pairs containing gRNA group chr5:71604181-71604482 (325 of 997)
Analyzing pairs containing gRNA group chr5:71906983-71907284 (330 of 997)
Analyzing pairs containing gRNA group TNPO1_TSS_1 (335 of 997)
Analyzing pairs containing gRNA group chr6:23002513-23002814 (340 of 997)
Analyzing pairs containing gRNA group chr6:23659435-23659736 (345 of 997)
Analyzing pairs containing gRNA group chr6:24283476-24283777 (350 of 997)
Analyzing pairs containing gRNA group chr6:24492767-24493068 (355 of 997)
Analyzing pairs containing gRNA group chr6:24581345-24581646 (360 of 997)
Analyzing pairs containing gRNA group chr6:24721359-24721660 (365 of 997)
Analyzing pairs containing gRNA group chr6:27198185-27198486 (370 of 997)
Analyzing pairs containing gRNA group chr6:27258240-27258541 (375 of 997)
Analyzing pairs containing gRNA group chr6:27638213-27638514 (380 of 997)
Analyzing pairs containing gRNA group chr6:27721898-27722199 (385 of 997)
Analyzing pairs containing gRNA group chr6:28180655-28180956 (390 of 997)
Analyzing pairs containing gRNA group chr6:28651942-28652243 (395 of 997)
Analyzing pairs containing gRNA group chr6:28805149-28805450 (400 of 997)
Analyzing pairs containing gRNA group TRIM27_TSS (405 of 997)
Analyzing pairs containing gRNA group chr6:33926364-33926665 (410 of 997)
Analyzing pairs containing gRNA group chr6:34117827-34118128 (415 of 997)
Analyzing pairs containing gRNA group chr6:34164035-34164336 (420 of 997)
Analyzing pairs containing gRNA group chr6:34216178-34216479 (425 of 997)
Analyzing pairs containing gRNA group chr6:34487627-34487928 (430 of 997)
Analyzing pairs containing gRNA group chr6:34993536-34993837 (435 of 997)
Analyzing pairs containing gRNA group chr6:35328221-35328522 (440 of 997)
Analyzing pairs containing gRNA group chr6:35520105-35520406 (445 of 997)
Analyzing pairs containing gRNA group HMGA1_TSS_3 (450 of 997)
Analyzing pairs containing gRNA group chr8:145697774-145698075 (455 of 997)
Analyzing pairs containing gRNA group chr8:145701156-145701457 (460 of 997)
Analyzing pairs containing gRNA group chr8:145747673-145747974 (465 of 997)
Analyzing pairs containing gRNA group chr8:145823027-145823328 (470 of 997)
Analyzing pairs containing gRNA group chr8:145827664-145827965 (475 of 997)
Analyzing pairs containing gRNA group chr8:145925839-145926140 (480 of 997)
Analyzing pairs containing gRNA group chr8:145996239-145996540 (485 of 997)
Analyzing pairs containing gRNA group chr8:146127364-146127665 (490 of 997)
Analyzing pairs containing gRNA group ZNF251_TSS (495 of 997)
Analyzing pairs containing gRNA group chr10:25971122-25971423 (500 of 997)
Analyzing pairs containing gRNA group chr10:26046915-26047216 (505 of 997)
Analyzing pairs containing gRNA group chr10:26374515-26374816 (510 of 997)
Analyzing pairs containing gRNA group chr10:26506808-26507109 (515 of 997)
Analyzing pairs containing gRNA group chr10:26680894-26681195 (520 of 997)
Analyzing pairs containing gRNA group chr10:26862666-26862967 (525 of 997)
Analyzing pairs containing gRNA group chr10:27220230-27220531 (530 of 997)
Analyzing pairs containing gRNA group BAG3_TSS (535 of 997)
Analyzing pairs containing gRNA group chr11:35738651-35738952 (540 of 997)
Analyzing pairs containing gRNA group chr11:36077940-36078241 (545 of 997)
Analyzing pairs containing gRNA group chr11:36153329-36153630 (550 of 997)
Analyzing pairs containing gRNA group chr11:36383607-36383908 (555 of 997)
Analyzing pairs containing gRNA group chr11:36476499-36476800 (560 of 997)
Analyzing pairs containing gRNA group chr11:36768669-36768970 (565 of 997)
Analyzing pairs containing gRNA group chr11:57546843-57547144 (570 of 997)
Analyzing pairs containing gRNA group chr11:57827325-57827626 (575 of 997)
Analyzing pairs containing gRNA group chr11:58292087-58292388 (580 of 997)
Analyzing pairs containing gRNA group chr11:58672724-58673025 (585 of 997)
Analyzing pairs containing gRNA group chr11:58862690-58862991 (590 of 997)
Analyzing pairs containing gRNA group chr11:58975448-58975749 (595 of 997)
Analyzing pairs containing gRNA group chr11:59318380-59318911 (600 of 997)
Analyzing pairs containing gRNA group chr11:59333332-59333633 (605 of 997)
Analyzing pairs containing gRNA group ZFP91_TSS (610 of 997)
Analyzing pairs containing gRNA group chr11:64513446-64513747 (615 of 997)
Analyzing pairs containing gRNA group chr11:64969434-64969735 (620 of 997)
Analyzing pairs containing gRNA group chr11:65123266-65123567 (625 of 997)
Analyzing pairs containing gRNA group chr11:65382834-65383266 (630 of 997)
Analyzing pairs containing gRNA group chr11:65511967-65512268 (635 of 997)
Analyzing pairs containing gRNA group chr11:65626778-65627079 (640 of 997)
Analyzing pairs containing gRNA group chr11:66095821-66096122 (645 of 997)
Analyzing pairs containing gRNA group MRPL11_TSS (650 of 997)
Analyzing pairs containing gRNA group chr12:7033998-7034299 (655 of 997)
Analyzing pairs containing gRNA group chr12:7072144-7072445 (660 of 997)
Analyzing pairs containing gRNA group chr12:7315278-7315579 (665 of 997)
Analyzing pairs containing gRNA group chr12:7858438-7858739 (670 of 997)
Analyzing pairs containing gRNA group chr12:8085800-8086101 (675 of 997)
Analyzing pairs containing gRNA group chr12:8394903-8395204 (680 of 997)
Analyzing pairs containing gRNA group chr12:8717365-8717666 (685 of 997)
Analyzing pairs containing gRNA group PHB2_TSS (690 of 997)
Analyzing pairs containing gRNA group chr12:124229422-124229723 (695 of 997)
Analyzing pairs containing gRNA group chr12:124423280-124423581 (700 of 997)
Analyzing pairs containing gRNA group chr12:124630601-124630902 (705 of 997)
Analyzing pairs containing gRNA group chr12:124856710-124857011 (710 of 997)
Analyzing pairs containing gRNA group chr12:125248959-125249260 (715 of 997)
Analyzing pairs containing gRNA group chr12:125423590-125423891 (720 of 997)
Analyzing pairs containing gRNA group chr12:125669833-125670378 (725 of 997)
Analyzing pairs containing gRNA group chr12:126002673-126002974 (730 of 997)
Analyzing pairs containing gRNA group chr16:30389011-30389312 (735 of 997)
Analyzing pairs containing gRNA group chr16:30456669-30456970 (740 of 997)
Analyzing pairs containing gRNA group chr16:30760002-30760303 (745 of 997)
Analyzing pairs containing gRNA group chr16:30946496-30946797 (750 of 997)
Analyzing pairs containing gRNA group chr16:31053556-31053857 (755 of 997)
Analyzing pairs containing gRNA group chr16:31154991-31155292 (760 of 997)
Analyzing pairs containing gRNA group chr16:31393924-31394225 (765 of 997)
Analyzing pairs containing gRNA group chr16:31487326-31487627 (770 of 997)
Analyzing pairs containing gRNA group chr16:31870720-31871021 (775 of 997)
Analyzing pairs containing gRNA group chr17:6339347-6339648 (780 of 997)
Analyzing pairs containing gRNA group chr17:6945852-6946153 (785 of 997)
Analyzing pairs containing gRNA group chr17:7127989-7128290 (790 of 997)
Analyzing pairs containing gRNA group RNASEK_TSS (795 of 997)
Analyzing pairs containing gRNA group chr17:7463719-7464020 (800 of 997)
Analyzing pairs containing gRNA group chr17:7610803-7611104 (805 of 997)
Analyzing pairs containing gRNA group chr17:7826167-7826468 (810 of 997)
Analyzing pairs containing gRNA group chr17:7982544-7982845 (815 of 997)
Analyzing pairs containing gRNA group chr17:8028902-8029203 (820 of 997)
Analyzing pairs containing gRNA group ROCK1_TSS (825 of 997)
Analyzing pairs containing gRNA group chr19:10360812-10361113 (830 of 997)
Analyzing pairs containing gRNA group chr19:10446355-10446656 (835 of 997)
Analyzing pairs containing gRNA group chr19:8510411-8510712 (840 of 997)
Analyzing pairs containing gRNA group chr19:8650851-8651152 (845 of 997)
Analyzing pairs containing gRNA group chr19:9184553-9184854 (850 of 997)
Analyzing pairs containing gRNA group chr19:9736526-9736827 (855 of 997)
Analyzing pairs containing gRNA group chr19:9903333-9903634 (860 of 997)
Analyzing pairs containing gRNA group CDC37_TSS (865 of 997)
Analyzing pairs containing gRNA group chr19:13264344-13264645 (870 of 997)
Analyzing pairs containing gRNA group chr19:13617857-13618158 (875 of 997)
Analyzing pairs containing gRNA group chr19:13721171-13721472 (880 of 997)
Analyzing pairs containing gRNA group chr19:13928698-13928999 (885 of 997)
Analyzing pairs containing gRNA group chr19:13972760-13973061 (890 of 997)
Analyzing pairs containing gRNA group chr19:14159408-14159709 (895 of 997)
Analyzing pairs containing gRNA group chr19:14358359-14358660 (900 of 997)
Analyzing pairs containing gRNA group chr19:14685020-14685321 (905 of 997)
Analyzing pairs containing gRNA group chr19:15231310-15231611 (910 of 997)
Analyzing pairs containing gRNA group BTBD3_TSS_2 (915 of 997)
Analyzing pairs containing gRNA group chr20:12188530-12188831 (920 of 997)
Analyzing pairs containing gRNA group chr20:12551031-12551332 (925 of 997)
Analyzing pairs containing gRNA group chr20:12818965-12819266 (930 of 997)
Analyzing pairs containing gRNA group chr20:13200295-13200596 (935 of 997)
Analyzing pairs containing gRNA group chr20:13255024-13255325 (940 of 997)
Analyzing pairs containing gRNA group chr20:13630222-13630523 (945 of 997)
Analyzing pairs containing gRNA group chr20:13851042-13851343 (950 of 997)
Analyzing pairs containing gRNA group chr20:48505065-48505366 (955 of 997)
Analyzing pairs containing gRNA group chr20:48626717-48627018 (960 of 997)
Analyzing pairs containing gRNA group chr20:48782656-48782957 (965 of 997)
Analyzing pairs containing gRNA group chr20:48960975-48961276 (970 of 997)
Analyzing pairs containing gRNA group chr20:49307350-49307651 (975 of 997)
Analyzing pairs containing gRNA group chr20:49487386-49487687 (980 of 997)
Analyzing pairs containing gRNA group chr20:49609564-49609865 (985 of 997)
Analyzing pairs containing gRNA group chr20:50255806-50256107 (990 of 997)
Analyzing pairs containing gRNA group chr20:50416713-50417014 (995 of 997)
Warning messages:
1: In compute_nt_nonzero_matrix_and_n_ok_pairs_v3(j = response_matrix@j,  :
  subscript out of bounds (index 6836 >= vector size 6836)
2: In compute_nt_nonzero_matrix_and_n_ok_pairs_v3(j = response_matrix@j,  :
  subscript out of bounds (index 6836 >= vector size 6836)
3: In compute_nt_nonzero_matrix_and_n_ok_pairs_v3(j = response_matrix@j,  :
  subscript out of bounds (index 6836 >= vector size 6836)
4: In compute_nt_nonzero_matrix_and_n_ok_pairs_v3(j = response_matrix@j,  :
  subscript out of bounds (index 6836 >= vector size 6836)
Saving plots for batch group 1
Saving plots for batch group 2
Saving output files for batch group 1
NULL
Saving output files for batch group 2
NULL
Saving final sceptre objects and discovery results
Closing log file
