Loading in packages
There were 11 warnings (use warnings() to see them)
Loading input files
Adding the individual grna_perts
Looping through grna_assignments
Adding grna_perts to sce object
Adding the individual cre_perts
Looping through cre_assignments
2.00280392549569%
4.00560785099139%
6.00841177648708%
8.01121570198278%
10.0140196274785%
12.0168235529742%
14.0196274784699%
16.0224314039656%
18.0252353294612%
20.0280392549569%
22.0308431804526%
24.0336471059483%
26.036451031444%
28.0392549569397%
30.0420588824354%
32.0448628079311%
34.0476667334268%
36.0504706589225%
38.0532745844182%
40.0560785099139%
42.0588824354096%
44.0616863609053%
46.064490286401%
48.0672942118967%
50.0700981373923%
52.072902062888%
54.0757059883837%
56.0785099138794%
58.0813138393751%
60.0841177648708%
62.0869216903665%
64.0897256158622%
66.0925295413579%
68.0953334668536%
70.0981373923493%
72.100941317845%
74.1037452433407%
76.1065491688364%
78.1093530943321%
80.1121570198278%
82.1149609453235%
84.1177648708191%
86.1205687963148%
88.1233727218105%
90.1261766473062%
92.1289805728019%
94.1317844982976%
96.1345884237933%
98.137392349289%
Adding cre_prets to sce object
converting counts to integer mode
Warning message:
In asMethod(object) :
  sparse->dense coercion: allocating vector of size 19.8 GiB
Saving output files
Closing log file
