Loading in packages
Warning messages:
1: package ‘ggplot2’ was built under R version 4.1.3 
2: package ‘tibble’ was built under R version 4.1.3 
3: package ‘tidyr’ was built under R version 4.1.3 
4: package ‘readr’ was built under R version 4.1.3 
5: package ‘purrr’ was built under R version 4.1.3 
6: package ‘dplyr’ was built under R version 4.1.3 
7: package ‘stringr’ was built under R version 4.1.3 
8: package ‘forcats’ was built under R version 4.1.3 
Loading input files
Rows: 6 Columns: 5
── Column specification ────────────────────────────────────────────────────────
Delimiter: "\t"
chr (1): Category
dbl (4): Upregulated, Downregulated, WellPowered, UnderPowered

ℹ Use `spec()` to retrieve the full column specification for this data.
ℹ Specify the column types or set `show_col_types = FALSE` to quiet this message.
Rows: 6 Columns: 5
── Column specification ────────────────────────────────────────────────────────
Delimiter: "\t"
chr (1): Category
dbl (4): Upregulated, Downregulated, WellPowered, UnderPowered

ℹ Use `spec()` to retrieve the full column specification for this data.
ℹ Specify the column types or set `show_col_types = FALSE` to quiet this message.
Saving output files
Closing log file
