Loading in packages
Warning messages:
1: package ‘ggplot2’ was built under R version 4.1.3 
2: package ‘tibble’ was built under R version 4.1.3 
3: package ‘tidyr’ was built under R version 4.1.3 
4: package ‘readr’ was built under R version 4.1.3 
5: package ‘purrr’ was built under R version 4.1.3 
6: package ‘dplyr’ was built under R version 4.1.3 
7: package ‘stringr’ was built under R version 4.1.3 
8: package ‘forcats’ was built under R version 4.1.3 
Loading input files
Rows: 14049 Columns: 46
── Column specification ────────────────────────────────────────────────────────
Delimiter: "\t"
chr (21): resized_intended_target_name_hg38, resized_targeting_chr_hg38, int...
dbl (19): resized_targeting_start_hg38, resized_targeting_end_hg38, targetin...
lgl  (6): significant, DistalElement_Gene, DistalPromoter_Gene, selfPromoter...

ℹ Use `spec()` to retrieve the full column specification for this data.
ℹ Specify the column types or set `show_col_types = FALSE` to quiet this message.
Rows: 14049 Columns: 65
── Column specification ────────────────────────────────────────────────────────
Delimiter: "\t"
chr (26): chrom, intended_target_name_hg38, targeting_chr_hg38, intended_tar...
dbl (32): chromStart, chromEnd, targeting_start_hg38, targeting_end_hg38, ta...
lgl  (7): significant, DistalElement_Gene, DistalPromoter_Gene, selfPromoter...

ℹ Use `spec()` to retrieve the full column specification for this data.
ℹ Specify the column types or set `show_col_types = FALSE` to quiet this message.
Saving output files
Closing log file
