Loading in packages
There were 13 warnings (use warnings() to see them)
Loading input files
Rows: 14049 Columns: 37
── Column specification ────────────────────────────────────────────────────────
Delimiter: "\t"
chr (17): chrom, name, hg19_target_coords, chrTSS, measuredGeneSymbol, Valid...
dbl (14): chromStart, chromEnd, EffectSize, startTSS, endTSS, pValueAdjusted...
lgl  (6): Significant, Regulated, measuredGene_in_TSS_control, measuredGene_...

ℹ Use `spec()` to retrieve the full column specification for this data.
ℹ Specify the column types or set `show_col_types = FALSE` to quiet this message.
Rows: 7475 Columns: 31
── Column specification ────────────────────────────────────────────────────────
Delimiter: "\t"
chr (11): chrom, name, strandPerturbationTarget, PerturbationTargetID, chrTS...
dbl (14): chromStart, chromEnd, EffectSize, startTSS, endTSS, pValue, pValue...
lgl  (6): EffectSize95ConfidenceIntervalLow, EffectSize95ConfidenceIntervalH...

ℹ Use `spec()` to retrieve the full column specification for this data.
ℹ Specify the column types or set `show_col_types = FALSE` to quiet this message.
Rows: 6574 Columns: 31
── Column specification ────────────────────────────────────────────────────────
Delimiter: "\t"
chr (11): chrom, name, strandPerturbationTarget, PerturbationTargetID, chrTS...
dbl (14): chromStart, chromEnd, EffectSize, startTSS, endTSS, pValue, pValue...
lgl  (6): EffectSize95ConfidenceIntervalLow, EffectSize95ConfidenceIntervalH...

ℹ Use `spec()` to retrieve the full column specification for this data.
ℹ Specify the column types or set `show_col_types = FALSE` to quiet this message.
Rows: 14968 Columns: 12
── Column specification ────────────────────────────────────────────────────────
Delimiter: "\t"
chr (8): chr, name, strand, spacer, target_chr, target_name, target_strand, ...
dbl (4): start, end, target_start, target_end

ℹ Use `spec()` to retrieve the full column specification for this data.
ℹ Specify the column types or set `show_col_types = FALSE` to quiet this message.
Rows: 16207 Columns: 12
── Column specification ────────────────────────────────────────────────────────
Delimiter: "\t"
chr (8): chr, name, strand, spacer, target_chr, target_name, target_strand, ...
dbl (4): start, end, target_start, target_end

ℹ Use `spec()` to retrieve the full column specification for this data.
ℹ Specify the column types or set `show_col_types = FALSE` to quiet this message.
Preparing base data
Adding element-gene pair categories
Preparing guide information
Preparing ENCODE data for joining
Creating final output
Saving output files
Closing log file
