Loading in packages
Warning messages:
1: package ‘ggplot2’ was built under R version 4.1.3 
2: package ‘tibble’ was built under R version 4.1.3 
3: package ‘tidyr’ was built under R version 4.1.3 
4: package ‘readr’ was built under R version 4.1.3 
5: package ‘purrr’ was built under R version 4.1.3 
6: package ‘dplyr’ was built under R version 4.1.3 
7: package ‘stringr’ was built under R version 4.1.3 
8: package ‘forcats’ was built under R version 4.1.3 
Loading input files
Rows: 14049 Columns: 43
── Column specification ────────────────────────────────────────────────────────
Delimiter: "\t"
chr (19): intended_target_name_hg38, targeting_chr_hg38, intended_target_nam...
dbl (17): targeting_start_hg38, targeting_end_hg38, targeting_start_hg19, ta...
lgl  (7): significant, DistalElement_Gene, DistalPromoter_Gene, selfPromoter...

ℹ Use `spec()` to retrieve the full column specification for this data.
ℹ Specify the column types or set `show_col_types = FALSE` to quiet this message.
Modifying specific element-gene pairs
Calculating summary statistics by cell type
Summary statistics for K562:
# A tibble: 6 × 5
  Category                    Upregulated Downregulated WellPowered UnderPowered
  <chr>                             <int>         <int>       <int>        <int>
1 DistalElement_Gene                   32            42        1921         3145
2 selfPromoter                          0           118           9           33
3 DistalPromoter_Gene                  27            18        1059          986
4 Positive_Control_DistalEle…           0            20           6            8
5 Positive_Control_selfPromo…           0            32           1            6
6 Random_DistalElement_Gene            31            19        1900         3109

Summary statistics for WTC11:
# A tibble: 6 × 5
  Category                    Upregulated Downregulated WellPowered UnderPowered
  <chr>                             <int>         <int>       <int>        <int>
1 DistalElement_Gene                   27            55        2841         1695
2 selfPromoter                          0            92          10           16
3 DistalPromoter_Gene                  19            15        1225          518
4 Positive_Control_DistalEle…           0             0           1            1
5 Positive_Control_selfPromo…           0             4           0            3
6 Random_DistalElement_Gene            26            55        2836         1690
Removing underpowered non-significant pairs
Saving output files
Closing log file
